[2023-01-15 09:25:25.922] [info] [console_user_server] core_configuration is updated.
[2023-01-15 09:25:56.003] [info] [console_user_server] Check for updates...
[2023-01-15 11:15:03.752] [info] [console_user_server] grabber_client next heartbeat deadline exceeded
[2023-01-15 11:15:03.753] [info] [console_user_server] grabber_client is stopped.
[2023-01-15 11:15:03.756] [info] [console_user_server] grabber_client is started.
[2023-01-15 11:15:03.756] [info] [console_user_server] grabber_client is connected.
[2023-01-15 11:15:03.959] [info] [console_user_server] Load /Users/steveops/.config/karabiner/karabiner.json...
[2023-01-15 11:15:03.960] [info] [console_user_server] core_configuration is updated.
[2023-01-15 11:15:34.414] [info] [console_user_server] Check for updates...
[2023-01-15 11:39:16.187] [info] [console_user_server] grabber_client next heartbeat deadline exceeded
[2023-01-15 11:39:16.190] [info] [console_user_server] grabber_client is stopped.
[2023-01-15 11:39:16.284] [info] [console_user_server] grabber_client is started.
[2023-01-15 11:39:16.286] [info] [console_user_server] grabber_client is connected.
[2023-01-15 11:39:16.599] [info] [console_user_server] Load /Users/steveops/.config/karabiner/karabiner.json...
[2023-01-15 11:39:16.599] [info] [console_user_server] core_configuration is updated.
[2023-01-15 11:39:47.037] [info] [console_user_server] Check for updates...
[2023-01-15 11:41:31.070] [info] [console_user_server] grabber_client next heartbeat deadline exceeded
[2023-01-15 11:41:31.105] [info] [console_user_server] grabber_client is stopped.
[2023-01-15 11:41:31.110] [info] [console_user_server] grabber_client is started.
[2023-01-15 11:41:31.123] [info] [console_user_server] grabber_client is connected.
[2023-01-15 11:41:31.460] [info] [console_user_server] Load /Users/steveops/.config/karabiner/karabiner.json...
[2023-01-15 11:41:31.461] [info] [console_user_server] core_configuration is updated.
[2023-01-15 11:42:01.994] [info] [console_user_server] Check for updates...
[2023-01-15 12:21:06.413] [info] [console_user_server] grabber_client next heartbeat deadline exceeded
[2023-01-15 12:21:06.414] [info] [console_user_server] grabber_client is stopped.
[2023-01-15 12:21:06.420] [info] [console_user_server] grabber_client is started.
[2023-01-15 12:21:06.422] [info] [console_user_server] grabber_client is connected.
[2023-01-15 12:21:06.881] [info] [console_user_server] Load /Users/steveops/.config/karabiner/karabiner.json...
[2023-01-15 12:21:06.882] [info] [console_user_server] core_configuration is updated.
[2023-01-15 12:21:37.328] [info] [console_user_server] Check for updates...
[2023-01-15 12:43:43.389] [info] [console_user_server] grabber_client next heartbeat deadline exceeded
[2023-01-15 12:43:43.390] [info] [console_user_server] grabber_client is stopped.
[2023-01-15 12:43:43.544] [info] [console_user_server] grabber_client is started.
[2023-01-15 12:43:43.682] [info] [console_user_server] grabber_client is connected.
[2023-01-15 12:43:43.950] [info] [console_user_server] Load /Users/steveops/.config/karabiner/karabiner.json...
[2023-01-15 12:43:43.950] [info] [console_user_server] core_configuration is updated.
[2023-01-15 12:44:14.377] [info] [console_user_server] Check for updates...
[2023-01-15 12:53:51.011] [info] [console_user_server] grabber_client next heartbeat deadline exceeded
[2023-01-15 12:53:51.012] [info] [console_user_server] grabber_client is stopped.
[2023-01-15 12:53:51.016] [info] [console_user_server] grabber_client is started.
[2023-01-15 12:53:51.017] [info] [console_user_server] grabber_client is connected.
[2023-01-15 12:53:51.426] [info] [console_user_server] Load /Users/steveops/.config/karabiner/karabiner.json...
[2023-01-15 12:53:51.426] [info] [console_user_server] core_configuration is updated.
[2023-01-15 12:54:21.843] [info] [console_user_server] Check for updates...
[2023-01-15 13:03:27.798] [info] [console_user_server] grabber_client next heartbeat deadline exceeded
[2023-01-15 13:03:27.799] [info] [console_user_server] grabber_client is stopped.
[2023-01-15 13:03:27.805] [info] [console_user_server] grabber_client is started.
[2023-01-15 13:03:27.806] [info] [console_user_server] grabber_client is connected.
[2023-01-15 13:03:27.986] [info] [console_user_server] Load /Users/steveops/.config/karabiner/karabiner.json...
[2023-01-15 13:03:27.987] [info] [console_user_server] core_configuration is updated.
[2023-01-15 13:03:58.444] [info] [console_user_server] Check for updates...
[2023-01-15 13:10:31.140] [info] [console_user_server] grabber_client next heartbeat deadline exceeded
[2023-01-15 13:10:31.272] [info] [console_user_server] grabber_client is stopped.
[2023-01-15 13:10:31.278] [info] [console_user_server] grabber_client is started.
[2023-01-15 13:10:31.281] [info] [console_user_server] grabber_client is connected.
[2023-01-15 13:10:31.511] [info] [console_user_server] Load /Users/steveops/.config/karabiner/karabiner.json...
[2023-01-15 13:10:31.512] [info] [console_user_server] core_configuration is updated.
[2023-01-15 13:11:01.954] [info] [console_user_server] Check for updates...
[2023-01-15 13:54:06.912] [info] [console_user_server] grabber_client next heartbeat deadline exceeded
[2023-01-15 13:54:07.072] [info] [console_user_server] grabber_client is stopped.
[2023-01-15 13:54:07.080] [info] [console_user_server] grabber_client is started.
[2023-01-15 13:54:07.081] [info] [console_user_server] grabber_client is connected.
[2023-01-15 13:54:07.376] [info] [console_user_server] Load /Users/steveops/.config/karabiner/karabiner.json...
[2023-01-15 13:54:07.377] [info] [console_user_server] core_configuration is updated.
[2023-01-15 13:54:37.924] [info] [console_user_server] Check for updates...
[2023-01-15 15:04:18.557] [info] [console_user_server] grabber_client next heartbeat deadline exceeded
[2023-01-15 15:04:18.558] [info] [console_user_server] grabber_client is stopped.
[2023-01-15 15:04:18.561] [info] [console_user_server] grabber_client is started.
[2023-01-15 15:04:18.563] [info] [console_user_server] grabber_client is connected.
[2023-01-15 15:04:18.985] [info] [console_user_server] Load /Users/steveops/.config/karabiner/karabiner.json...
[2023-01-15 15:04:18.986] [info] [console_user_server] core_configuration is updated.
[2023-01-15 15:04:49.513] [info] [console_user_server] Check for updates...
[2023-01-15 15:08:46.962] [info] [console_user_server] grabber_client next heartbeat deadline exceeded
[2023-01-15 15:08:46.963] [info] [console_user_server] grabber_client is stopped.
[2023-01-15 15:08:47.087] [info] [console_user_server] grabber_client is started.
[2023-01-15 15:08:47.093] [info] [console_user_server] grabber_client is connected.
[2023-01-15 15:08:47.444] [info] [console_user_server] Load /Users/steveops/.config/karabiner/karabiner.json...
[2023-01-15 15:08:47.445] [info] [console_user_server] core_configuration is updated.
[2023-01-15 15:09:17.997] [info] [console_user_server] Check for updates...
[2023-01-15 15:25:29.510] [info] [console_user_server] grabber_client next heartbeat deadline exceeded
[2023-01-15 15:25:29.511] [info] [console_user_server] grabber_client is stopped.
[2023-01-15 15:25:29.515] [info] [console_user_server] grabber_client is started.
[2023-01-15 15:25:29.516] [info] [console_user_server] grabber_client is connected.
[2023-01-15 15:25:29.839] [info] [console_user_server] Load /Users/steveops/.config/karabiner/karabiner.json...
[2023-01-15 15:25:29.840] [info] [console_user_server] core_configuration is updated.
[2023-01-15 15:26:00.274] [info] [console_user_server] Check for updates...
[2023-01-15 16:08:46.365] [info] [console_user_server] grabber_client next heartbeat deadline exceeded
[2023-01-15 16:08:46.368] [info] [console_user_server] grabber_client is stopped.
[2023-01-15 16:08:46.374] [info] [console_user_server] grabber_client is started.
[2023-01-15 16:08:46.375] [info] [console_user_server] grabber_client is connected.
[2023-01-15 16:08:46.776] [info] [console_user_server] Load /Users/steveops/.config/karabiner/karabiner.json...
[2023-01-15 16:08:46.777] [info] [console_user_server] core_configuration is updated.
[2023-01-15 16:09:17.266] [info] [console_user_server] Check for updates...
[2023-01-15 17:03:28.374] [info] [console_user_server] grabber_client next heartbeat deadline exceeded
[2023-01-15 17:03:28.376] [info] [console_user_server] grabber_client is stopped.
[2023-01-15 17:03:28.443] [info] [console_user_server] grabber_client is started.
[2023-01-15 17:03:28.452] [info] [console_user_server] grabber_client is connected.
[2023-01-15 17:03:29.134] [info] [console_user_server] Load /Users/steveops/.config/karabiner/karabiner.json...
[2023-01-15 17:03:29.135] [info] [console_user_server] core_configuration is updated.
[2023-01-15 17:03:59.612] [info] [console_user_server] Check for updates...
[2023-01-15 17:36:38.275] [info] [console_user_server] grabber_client next heartbeat deadline exceeded
[2023-01-15 17:36:38.411] [info] [console_user_server] grabber_client is stopped.
[2023-01-15 17:36:38.422] [info] [console_user_server] grabber_client is started.
[2023-01-15 17:36:38.423] [info] [console_user_server] grabber_client is connected.
[2023-01-15 17:36:38.711] [info] [console_user_server] Load /Users/steveops/.config/karabiner/karabiner.json...
[2023-01-15 17:36:38.712] [info] [console_user_server] core_configuration is updated.
[2023-01-15 17:37:09.171] [info] [console_user_server] Check for updates...
[2023-01-15 17:53:44.279] [info] [console_user_server] grabber_client next heartbeat deadline exceeded
[2023-01-15 17:53:44.412] [info] [console_user_server] grabber_client is stopped.
[2023-01-15 17:53:44.417] [info] [console_user_server] grabber_client is started.
[2023-01-15 17:53:44.422] [info] [console_user_server] grabber_client is connected.
[2023-01-15 17:53:44.681] [info] [console_user_server] Load /Users/steveops/.config/karabiner/karabiner.json...
[2023-01-15 17:53:44.682] [info] [console_user_server] core_configuration is updated.
[2023-01-15 17:54:15.195] [info] [console_user_server] Check for updates...
[2023-01-15 18:10:36.856] [info] [console_user_server] grabber_client next heartbeat deadline exceeded
[2023-01-15 18:10:36.856] [info] [console_user_server] grabber_client is stopped.
[2023-01-15 18:10:36.859] [info] [console_user_server] grabber_client is started.
[2023-01-15 18:10:36.860] [info] [console_user_server] grabber_client is connected.
[2023-01-15 18:10:37.028] [info] [console_user_server] Load /Users/steveops/.config/karabiner/karabiner.json...
[2023-01-15 18:10:37.029] [info] [console_user_server] core_configuration is updated.
[2023-01-15 18:11:07.476] [info] [console_user_server] Check for updates...
[2023-01-15 19:19:48.925] [info] [console_user_server] grabber_client next heartbeat deadline exceeded
[2023-01-15 19:19:49.066] [info] [console_user_server] grabber_client is stopped.
[2023-01-15 19:19:49.101] [info] [console_user_server] grabber_client is started.
[2023-01-15 19:19:49.103] [info] [console_user_server] grabber_client is connected.
[2023-01-15 19:19:49.467] [info] [console_user_server] Load /Users/steveops/.config/karabiner/karabiner.json...
[2023-01-15 19:19:49.468] [info] [console_user_server] core_configuration is updated.
[2023-01-15 19:20:19.876] [info] [console_user_server] Check for updates...
[2023-01-15 19:56:42.321] [info] [console_user_server] grabber_client next heartbeat deadline exceeded
[2023-01-15 19:56:42.323] [info] [console_user_server] grabber_client is stopped.
[2023-01-15 19:56:42.464] [info] [console_user_server] grabber_client is started.
[2023-01-15 19:56:42.469] [info] [console_user_server] grabber_client is connected.
[2023-01-15 19:56:42.787] [info] [console_user_server] Load /Users/steveops/.config/karabiner/karabiner.json...
[2023-01-15 19:56:42.788] [info] [console_user_server] core_configuration is updated.
[2023-01-15 19:57:13.352] [info] [console_user_server] Check for updates...
[2023-01-15 20:02:37.083] [info] [console_user_server] grabber_client next heartbeat deadline exceeded
[2023-01-15 20:02:37.272] [info] [console_user_server] grabber_client is stopped.
[2023-01-15 20:02:37.326] [info] [console_user_server] grabber_client is started.
[2023-01-15 20:02:37.329] [info] [console_user_server] grabber_client is connected.
[2023-01-15 20:02:37.603] [info] [console_user_server] Load /Users/steveops/.config/karabiner/karabiner.json...
[2023-01-15 20:02:37.604] [info] [console_user_server] core_configuration is updated.
[2023-01-15 20:03:08.151] [info] [console_user_server] Check for updates...
[2023-01-15 20:11:12.880] [info] [console_user_server] grabber_client next heartbeat deadline exceeded
[2023-01-15 20:11:12.880] [info] [console_user_server] grabber_client is stopped.
[2023-01-15 20:11:12.886] [info] [console_user_server] grabber_client is started.
[2023-01-15 20:11:12.887] [info] [console_user_server] grabber_client is connected.
[2023-01-15 20:11:13.227] [info] [console_user_server] Load /Users/steveops/.config/karabiner/karabiner.json...
[2023-01-15 20:11:13.228] [info] [console_user_server] core_configuration is updated.
[2023-01-15 20:11:43.848] [info] [console_user_server] Check for updates...
[2023-01-15 20:27:21.869] [info] [console_user_server] grabber_client next heartbeat deadline exceeded
[2023-01-15 20:27:21.870] [info] [console_user_server] grabber_client is stopped.
[2023-01-15 20:27:21.978] [info] [console_user_server] grabber_client is started.
[2023-01-15 20:27:21.979] [info] [console_user_server] grabber_client is connected.
[2023-01-15 20:27:22.304] [info] [console_user_server] Load /Users/steveops/.config/karabiner/karabiner.json...
[2023-01-15 20:27:22.305] [info] [console_user_server] core_configuration is updated.
[2023-01-15 20:27:52.844] [info] [console_user_server] Check for updates...
[2023-01-15 22:25:44.432] [info] [console_user_server] grabber_client next heartbeat deadline exceeded
[2023-01-15 22:25:44.436] [info] [console_user_server] grabber_client is stopped.
[2023-01-15 22:25:44.441] [info] [console_user_server] grabber_client is started.
[2023-01-15 22:25:44.442] [info] [console_user_server] grabber_client is connected.
[2023-01-15 22:25:44.651] [info] [console_user_server] Load /Users/steveops/.config/karabiner/karabiner.json...
[2023-01-15 22:25:44.652] [info] [console_user_server] core_configuration is updated.
[2023-01-15 22:26:15.088] [info] [console_user_server] Check for updates...
[2023-01-15 23:13:56.920] [info] [console_user_server] grabber_client next heartbeat deadline exceeded
[2023-01-15 23:13:57.097] [info] [console_user_server] grabber_client is stopped.
[2023-01-15 23:13:57.105] [info] [console_user_server] grabber_client is started.
[2023-01-15 23:13:57.107] [info] [console_user_server] grabber_client is connected.
[2023-01-15 23:13:57.446] [info] [console_user_server] Load /Users/steveops/.config/karabiner/karabiner.json...
[2023-01-15 23:13:57.447] [info] [console_user_server] core_configuration is updated.
[2023-01-15 23:14:27.952] [info] [console_user_server] Check for updates...
[2023-01-16 00:03:14.297] [info] [console_user_server] grabber_client next heartbeat deadline exceeded
[2023-01-16 00:03:14.300] [info] [console_user_server] grabber_client is stopped.
[2023-01-16 00:03:14.304] [info] [console_user_server] grabber_client is started.
[2023-01-16 00:03:14.305] [info] [console_user_server] grabber_client is connected.
[2023-01-16 00:03:14.655] [info] [console_user_server] Load /Users/steveops/.config/karabiner/karabiner.json...
[2023-01-16 00:03:14.655] [info] [console_user_server] core_configuration is updated.
[2023-01-16 00:03:45.164] [info] [console_user_server] Check for updates...
[2023-01-16 01:02:41.382] [info] [console_user_server] grabber_client next heartbeat deadline exceeded
[2023-01-16 01:02:41.382] [info] [console_user_server] grabber_client is stopped.
[2023-01-16 01:02:41.397] [info] [console_user_server] grabber_client is started.
[2023-01-16 01:02:41.446] [info] [console_user_server] grabber_client is connected.
[2023-01-16 01:02:41.719] [info] [console_user_server] Load /Users/steveops/.config/karabiner/karabiner.json...
[2023-01-16 01:02:41.720] [info] [console_user_server] core_configuration is updated.
[2023-01-16 01:03:11.926] [info] [console_user_server] Check for updates...
[2023-01-16 02:05:21.590] [info] [console_user_server] grabber_client next heartbeat deadline exceeded
[2023-01-16 02:05:21.592] [info] [console_user_server] grabber_client is stopped.
[2023-01-16 02:05:21.595] [info] [console_user_server] grabber_client is started.
[2023-01-16 02:05:21.596] [info] [console_user_server] grabber_client is connected.
[2023-01-16 02:05:21.801] [info] [console_user_server] Load /Users/steveops/.config/karabiner/karabiner.json...
[2023-01-16 02:05:21.801] [info] [console_user_server] core_configuration is updated.
[2023-01-16 02:05:52.297] [info] [console_user_server] Check for updates...
[2023-01-16 02:36:29.581] [info] [console_user_server] grabber_client next heartbeat deadline exceeded
[2023-01-16 02:36:29.671] [info] [console_user_server] grabber_client is stopped.
[2023-01-16 02:36:29.717] [info] [console_user_server] grabber_client is started.
[2023-01-16 02:36:29.718] [info] [console_user_server] grabber_client is connected.
[2023-01-16 02:36:30.419] [info] [console_user_server] Load /Users/steveops/.config/karabiner/karabiner.json...
[2023-01-16 02:36:30.420] [info] [console_user_server] core_configuration is updated.
[2023-01-16 02:37:00.989] [info] [console_user_server] Check for updates...
[2023-01-16 03:44:19.158] [info] [console_user_server] grabber_client next heartbeat deadline exceeded
[2023-01-16 03:44:19.303] [info] [console_user_server] grabber_client is stopped.
[2023-01-16 03:44:19.333] [info] [console_user_server] grabber_client is started.
[2023-01-16 03:44:19.338] [info] [console_user_server] grabber_client is connected.
[2023-01-16 03:44:19.861] [info] [console_user_server] Load /Users/steveops/.config/karabiner/karabiner.json...
[2023-01-16 03:44:19.862] [info] [console_user_server] core_configuration is updated.
[2023-01-16 03:44:50.366] [info] [console_user_server] Check for updates...
[2023-01-16 04:00:58.190] [info] [console_user_server] grabber_client next heartbeat deadline exceeded
[2023-01-16 04:00:58.325] [info] [console_user_server] grabber_client is stopped.
[2023-01-16 04:00:58.351] [info] [console_user_server] grabber_client is started.
[2023-01-16 04:00:58.353] [info] [console_user_server] grabber_client is connected.
[2023-01-16 04:00:58.925] [info] [console_user_server] Load /Users/steveops/.config/karabiner/karabiner.json...
[2023-01-16 04:00:58.926] [info] [console_user_server] core_configuration is updated.
[2023-01-16 04:01:29.356] [info] [console_user_server] Check for updates...
[2023-01-16 05:56:15.142] [info] [console_user_server] grabber_client next heartbeat deadline exceeded
[2023-01-16 05:56:15.316] [info] [console_user_server] grabber_client is stopped.
[2023-01-16 05:56:15.794] [info] [console_user_server] grabber_client is started.
[2023-01-16 05:56:15.795] [info] [console_user_server] grabber_client is connected.
[2023-01-16 05:56:16.051] [info] [console_user_server] Load /Users/steveops/.config/karabiner/karabiner.json...
[2023-01-16 05:56:16.053] [info] [console_user_server] core_configuration is updated.
[2023-01-16 05:56:46.540] [info] [console_user_server] Check for updates...
[2023-01-16 06:53:19.026] [info] [console_user_server] grabber_client next heartbeat deadline exceeded
[2023-01-16 06:53:19.160] [info] [console_user_server] grabber_client is stopped.
[2023-01-16 06:53:19.168] [info] [console_user_server] grabber_client is started.
[2023-01-16 06:53:19.169] [info] [console_user_server] grabber_client is connected.
[2023-01-16 06:53:19.694] [info] [console_user_server] Load /Users/steveops/.config/karabiner/karabiner.json...
[2023-01-16 06:53:19.695] [info] [console_user_server] core_configuration is updated.
[2023-01-16 06:53:50.243] [info] [console_user_server] Check for updates...
[2023-01-16 07:47:54.347] [info] [console_user_server] grabber_client next heartbeat deadline exceeded
[2023-01-16 07:47:54.486] [info] [console_user_server] grabber_client is stopped.
[2023-01-16 07:47:54.514] [info] [console_user_server] grabber_client is started.
[2023-01-16 07:47:54.517] [info] [console_user_server] grabber_client is connected.
[2023-01-16 07:47:55.071] [info] [console_user_server] Load /Users/steveops/.config/karabiner/karabiner.json...
[2023-01-16 07:47:55.072] [info] [console_user_server] core_configuration is updated.
[2023-01-16 07:48:25.614] [info] [console_user_server] Check for updates...
[2023-01-16 08:18:33.006] [info] [console_user_server] grabber_client next heartbeat deadline exceeded
[2023-01-16 08:18:33.162] [info] [console_user_server] grabber_client is stopped.
[2023-01-16 08:18:33.172] [info] [console_user_server] grabber_client is started.
[2023-01-16 08:18:33.173] [info] [console_user_server] grabber_client is connected.
[2023-01-16 08:18:33.436] [info] [console_user_server] Load /Users/steveops/.config/karabiner/karabiner.json...
[2023-01-16 08:18:33.437] [info] [console_user_server] core_configuration is updated.
[2023-01-16 08:19:03.913] [info] [console_user_server] Check for updates...
[2023-01-16 08:50:56.103] [info] [console_user_server] grabber_client next heartbeat deadline exceeded
[2023-01-16 08:50:56.104] [info] [console_user_server] grabber_client is stopped.
[2023-01-16 08:50:56.259] [info] [console_user_server] grabber_client is started.
[2023-01-16 08:50:56.260] [info] [console_user_server] grabber_client is connected.
[2023-01-16 08:50:56.720] [info] [console_user_server] Load /Users/steveops/.config/karabiner/karabiner.json...
[2023-01-16 08:50:56.721] [info] [console_user_server] core_configuration is updated.
[2023-01-16 08:51:27.163] [info] [console_user_server] Check for updates...
[2023-01-16 09:35:45.762] [info] [console_user_server] grabber_client next heartbeat deadline exceeded
[2023-01-16 09:35:45.774] [info] [console_user_server] grabber_client is stopped.
[2023-01-16 09:35:45.807] [info] [console_user_server] grabber_client is started.
[2023-01-16 09:35:45.812] [info] [console_user_server] grabber_client is connected.
[2023-01-16 09:35:46.384] [info] [console_user_server] Load /Users/steveops/.config/karabiner/karabiner.json...
[2023-01-16 09:35:46.385] [info] [console_user_server] core_configuration is updated.
[2023-01-16 09:36:16.928] [info] [console_user_server] Check for updates...
[2023-01-16 09:40:10.667] [info] [console_user_server] grabber_client next heartbeat deadline exceeded
[2023-01-16 09:40:10.826] [info] [console_user_server] grabber_client is stopped.
[2023-01-16 09:40:10.850] [info] [console_user_server] grabber_client is started.
[2023-01-16 09:40:10.853] [info] [console_user_server] grabber_client is connected.
[2023-01-16 09:40:11.237] [info] [console_user_server] Load /Users/steveops/.config/karabiner/karabiner.json...
[2023-01-16 09:40:11.238] [info] [console_user_server] core_configuration is updated.
[2023-01-16 09:40:41.647] [info] [console_user_server] Check for updates...
[2023-01-16 10:59:21.244] [info] [console_user_server] grabber_client next heartbeat deadline exceeded
[2023-01-16 10:59:21.247] [info] [console_user_server] grabber_client is stopped.
[2023-01-16 10:59:21.267] [info] [console_user_server] grabber_client is started.
[2023-01-16 10:59:21.269] [info] [console_user_server] grabber_client is connected.
[2023-01-16 10:59:21.656] [info] [console_user_server] Load /Users/steveops/.config/karabiner/karabiner.json...
[2023-01-16 10:59:21.656] [info] [console_user_server] core_configuration is updated.
[2023-01-16 10:59:52.212] [info] [console_user_server] Check for updates...
[2023-01-16 13:04:45.157] [info] [console_user_server] grabber_client next heartbeat deadline exceeded
[2023-01-16 13:04:45.171] [info] [console_user_server] grabber_client is stopped.
[2023-01-16 13:04:45.186] [info] [console_user_server] grabber_client is started.
[2023-01-16 13:04:45.186] [info] [console_user_server] grabber_client is connected.
[2023-01-16 13:04:45.735] [info] [console_user_server] Load /Users/steveops/.config/karabiner/karabiner.json...
[2023-01-16 13:04:45.736] [info] [console_user_server] core_configuration is updated.
[2023-01-16 13:05:16.308] [info] [console_user_server] Check for updates...
[2023-01-16 13:15:35.827] [info] [console_user_server] grabber_client next heartbeat deadline exceeded
[2023-01-16 13:15:35.833] [info] [console_user_server] grabber_client is stopped.
[2023-01-16 13:15:35.922] [info] [console_user_server] grabber_client is started.
[2023-01-16 13:15:35.926] [info] [console_user_server] grabber_client is connected.
[2023-01-16 13:15:36.396] [info] [console_user_server] Load /Users/steveops/.config/karabiner/karabiner.json...
[2023-01-16 13:15:36.397] [info] [console_user_server] core_configuration is updated.
[2023-01-16 13:16:06.934] [info] [console_user_server] Check for updates...
[2023-01-16 16:05:22.273] [info] [console_user_server] grabber_client next heartbeat deadline exceeded
[2023-01-16 16:05:22.376] [info] [console_user_server] grabber_client is stopped.
[2023-01-16 16:05:22.383] [info] [console_user_server] grabber_client is started.
[2023-01-16 16:05:22.385] [info] [console_user_server] grabber_client is connected.
[2023-01-16 16:05:22.840] [info] [console_user_server] Load /Users/steveops/.config/karabiner/karabiner.json...
[2023-01-16 16:05:22.841] [info] [console_user_server] core_configuration is updated.
[2023-01-16 16:05:53.400] [info] [console_user_server] Check for updates...
[2023-01-16 16:30:03.816] [info] [console_user_server] grabber_client next heartbeat deadline exceeded
[2023-01-16 16:30:03.859] [info] [console_user_server] grabber_client is stopped.
[2023-01-16 16:30:03.870] [info] [console_user_server] grabber_client is started.
[2023-01-16 16:30:03.875] [info] [console_user_server] grabber_client is connected.
[2023-01-16 16:30:04.394] [info] [console_user_server] Load /Users/steveops/.config/karabiner/karabiner.json...
[2023-01-16 16:30:04.396] [info] [console_user_server] core_configuration is updated.
[2023-01-16 16:30:34.900] [info] [console_user_server] Check for updates...
[2023-01-16 16:33:09.034] [info] [console_user_server] grabber_client next heartbeat deadline exceeded
[2023-01-16 16:33:09.050] [info] [console_user_server] grabber_client is stopped.
[2023-01-16 16:33:09.053] [info] [console_user_server] grabber_client is started.
[2023-01-16 16:33:09.054] [info] [console_user_server] grabber_client is connected.
[2023-01-16 16:33:09.603] [info] [console_user_server] Load /Users/steveops/.config/karabiner/karabiner.json...
[2023-01-16 16:33:09.604] [info] [console_user_server] core_configuration is updated.
[2023-01-16 16:33:40.253] [info] [console_user_server] Check for updates...
[2023-01-16 16:57:20.717] [info] [console_user_server] grabber_client next heartbeat deadline exceeded
[2023-01-16 16:57:20.905] [info] [console_user_server] grabber_client is stopped.
[2023-01-16 16:57:20.916] [info] [console_user_server] grabber_client is started.
[2023-01-16 16:57:20.919] [info] [console_user_server] grabber_client is connected.
[2023-01-16 16:57:21.394] [info] [console_user_server] Load /Users/steveops/.config/karabiner/karabiner.json...
[2023-01-16 16:57:21.395] [info] [console_user_server] core_configuration is updated.
[2023-01-16 16:57:51.925] [info] [console_user_server] Check for updates...
[2023-01-16 18:00:49.079] [info] [console_user_server] grabber_client next heartbeat deadline exceeded
[2023-01-16 18:00:49.085] [info] [console_user_server] grabber_client is stopped.
[2023-01-16 18:00:49.090] [info] [console_user_server] grabber_client is started.
[2023-01-16 18:00:49.098] [info] [console_user_server] grabber_client is connected.
[2023-01-16 18:00:49.919] [info] [console_user_server] Load /Users/steveops/.config/karabiner/karabiner.json...
[2023-01-16 18:00:49.920] [info] [console_user_server] core_configuration is updated.
[2023-01-16 18:01:20.345] [info] [console_user_server] Check for updates...
[2023-01-16 19:03:02.927] [info] [console_user_server] grabber_client next heartbeat deadline exceeded
[2023-01-16 19:03:03.086] [info] [console_user_server] grabber_client is stopped.
[2023-01-16 19:03:03.094] [info] [console_user_server] grabber_client is started.
[2023-01-16 19:03:03.095] [info] [console_user_server] grabber_client is connected.
[2023-01-16 19:03:03.598] [info] [console_user_server] Load /Users/steveops/.config/karabiner/karabiner.json...
[2023-01-16 19:03:03.599] [info] [console_user_server] core_configuration is updated.
[2023-01-16 19:03:34.116] [info] [console_user_server] Check for updates...
[2023-01-16 19:14:11.658] [info] [console_user_server] grabber_client next heartbeat deadline exceeded
[2023-01-16 19:14:11.796] [info] [console_user_server] grabber_client is stopped.
[2023-01-16 19:14:11.803] [info] [console_user_server] grabber_client is started.
[2023-01-16 19:14:11.804] [info] [console_user_server] grabber_client is connected.
[2023-01-16 19:14:13.001] [info] [console_user_server] Load /Users/steveops/.config/karabiner/karabiner.json...
[2023-01-16 19:14:13.002] [info] [console_user_server] core_configuration is updated.
[2023-01-16 19:14:43.558] [info] [console_user_server] Check for updates...
[2023-01-16 19:33:19.092] [info] [console_user_server] grabber_client next heartbeat deadline exceeded
[2023-01-16 19:33:19.094] [info] [console_user_server] grabber_client is stopped.
[2023-01-16 19:33:19.100] [info] [console_user_server] grabber_client is started.
[2023-01-16 19:33:19.102] [info] [console_user_server] grabber_client is connected.
[2023-01-16 19:33:19.472] [info] [console_user_server] Load /Users/steveops/.config/karabiner/karabiner.json...
[2023-01-16 19:33:19.473] [info] [console_user_server] core_configuration is updated.
[2023-01-16 19:33:50.181] [info] [console_user_server] Check for updates...
[2023-01-16 20:08:02.763] [info] [console_user_server] grabber_client next heartbeat deadline exceeded
[2023-01-16 20:08:02.764] [info] [console_user_server] grabber_client is stopped.
[2023-01-16 20:08:02.775] [info] [console_user_server] grabber_client is started.
[2023-01-16 20:08:02.777] [info] [console_user_server] grabber_client is connected.
[2023-01-16 20:08:02.983] [info] [console_user_server] Load /Users/steveops/.config/karabiner/karabiner.json...
[2023-01-16 20:08:02.984] [info] [console_user_server] core_configuration is updated.
[2023-01-16 20:08:33.451] [info] [console_user_server] Check for updates...
[2023-01-16 20:40:55.613] [info] [console_user_server] grabber_client next heartbeat deadline exceeded
[2023-01-16 20:40:55.619] [info] [console_user_server] grabber_client is stopped.
[2023-01-16 20:40:55.815] [info] [console_user_server] grabber_client is started.
[2023-01-16 20:40:55.844] [info] [console_user_server] grabber_client is connected.
[2023-01-16 20:40:56.603] [info] [console_user_server] Load /Users/steveops/.config/karabiner/karabiner.json...
[2023-01-16 20:40:56.605] [info] [console_user_server] core_configuration is updated.
[2023-01-16 20:41:27.175] [info] [console_user_server] Check for updates...
[2023-01-16 21:06:47.521] [info] [console_user_server] grabber_client next heartbeat deadline exceeded
[2023-01-16 21:06:47.524] [info] [console_user_server] grabber_client is stopped.
[2023-01-16 21:06:47.529] [info] [console_user_server] grabber_client is started.
[2023-01-16 21:06:47.538] [info] [console_user_server] grabber_client is connected.
[2023-01-16 21:06:47.701] [info] [console_user_server] Load /Users/steveops/.config/karabiner/karabiner.json...
[2023-01-16 21:06:47.702] [info] [console_user_server] core_configuration is updated.
[2023-01-16 21:07:18.180] [info] [console_user_server] Check for updates...
[2023-01-16 21:12:31.894] [info] [console_user_server] grabber_client next heartbeat deadline exceeded
[2023-01-16 21:12:31.895] [info] [console_user_server] grabber_client is stopped.
[2023-01-16 21:12:31.899] [info] [console_user_server] grabber_client is started.
[2023-01-16 21:12:32.064] [info] [console_user_server] grabber_client is connected.
[2023-01-16 21:12:32.358] [info] [console_user_server] Load /Users/steveops/.config/karabiner/karabiner.json...
[2023-01-16 21:12:32.358] [info] [console_user_server] core_configuration is updated.
[2023-01-16 21:13:02.861] [info] [console_user_server] Check for updates...
[2023-01-16 22:01:00.997] [info] [console_user_server] grabber_client next heartbeat deadline exceeded
[2023-01-16 22:01:01.012] [info] [console_user_server] grabber_client is stopped.
[2023-01-16 22:01:01.059] [info] [console_user_server] grabber_client is started.
[2023-01-16 22:01:01.061] [info] [console_user_server] grabber_client is connected.
[2023-01-16 22:01:01.426] [info] [console_user_server] Load /Users/steveops/.config/karabiner/karabiner.json...
[2023-01-16 22:01:01.427] [info] [console_user_server] core_configuration is updated.
[2023-01-16 22:01:31.894] [info] [console_user_server] Check for updates...
[2023-01-16 22:52:29.727] [info] [console_user_server] grabber_client next heartbeat deadline exceeded
[2023-01-16 22:52:29.868] [info] [console_user_server] grabber_client is stopped.
[2023-01-16 22:52:29.895] [info] [console_user_server] grabber_client is started.
[2023-01-16 22:52:29.896] [info] [console_user_server] grabber_client is connected.
[2023-01-16 22:52:30.243] [info] [console_user_server] Load /Users/steveops/.config/karabiner/karabiner.json...
[2023-01-16 22:52:30.244] [info] [console_user_server] core_configuration is updated.
[2023-01-16 22:53:00.690] [info] [console_user_server] Check for updates...
[2023-01-17 00:31:29.932] [info] [console_user_server] grabber_client next heartbeat deadline exceeded
[2023-01-17 00:31:29.958] [info] [console_user_server] grabber_client is stopped.
[2023-01-17 00:31:30.010] [info] [console_user_server] grabber_client is started.
[2023-01-17 00:31:30.010] [info] [console_user_server] grabber_client is connected.
[2023-01-17 00:31:30.370] [info] [console_user_server] Load /Users/steveops/.config/karabiner/karabiner.json...
[2023-01-17 00:31:30.371] [info] [console_user_server] core_configuration is updated.
[2023-01-17 00:32:00.832] [info] [console_user_server] Check for updates...
[2023-01-17 01:38:02.968] [info] [console_user_server] grabber_client next heartbeat deadline exceeded
[2023-01-17 01:38:03.248] [info] [console_user_server] grabber_client is stopped.
[2023-01-17 01:38:03.256] [info] [console_user_server] grabber_client is started.
[2023-01-17 01:38:03.260] [info] [console_user_server] grabber_client is connected.
[2023-01-17 01:38:03.495] [info] [console_user_server] Load /Users/steveops/.config/karabiner/karabiner.json...
[2023-01-17 01:38:03.497] [info] [console_user_server] core_configuration is updated.
[2023-01-17 01:38:34.145] [info] [console_user_server] Check for updates...
[2023-01-17 02:08:39.881] [info] [console_user_server] grabber_client next heartbeat deadline exceeded
[2023-01-17 02:08:39.993] [info] [console_user_server] grabber_client is stopped.
[2023-01-17 02:08:39.997] [info] [console_user_server] grabber_client is started.
[2023-01-17 02:08:39.998] [info] [console_user_server] grabber_client is connected.
[2023-01-17 02:08:40.511] [info] [console_user_server] Load /Users/steveops/.config/karabiner/karabiner.json...
[2023-01-17 02:08:40.512] [info] [console_user_server] core_configuration is updated.
[2023-01-17 02:09:11.021] [info] [console_user_server] Check for updates...
[2023-01-17 04:01:22.714] [info] [console_user_server] grabber_client next heartbeat deadline exceeded
[2023-01-17 04:01:22.868] [info] [console_user_server] grabber_client is stopped.
[2023-01-17 04:01:22.873] [info] [console_user_server] grabber_client is started.
[2023-01-17 04:01:22.874] [info] [console_user_server] grabber_client is connected.
[2023-01-17 04:01:23.256] [info] [console_user_server] Load /Users/steveops/.config/karabiner/karabiner.json...
[2023-01-17 04:01:23.258] [info] [console_user_server] core_configuration is updated.
[2023-01-17 04:01:53.730] [info] [console_user_server] Check for updates...
[2023-01-17 04:07:33.098] [info] [console_user_server] grabber_client next heartbeat deadline exceeded
[2023-01-17 04:07:33.099] [info] [console_user_server] grabber_client is stopped.
[2023-01-17 04:07:33.102] [info] [console_user_server] grabber_client is started.
[2023-01-17 04:07:33.103] [info] [console_user_server] grabber_client is connected.
[2023-01-17 04:07:33.468] [info] [console_user_server] Load /Users/steveops/.config/karabiner/karabiner.json...
[2023-01-17 04:07:33.470] [info] [console_user_server] core_configuration is updated.
[2023-01-17 04:08:03.703] [info] [console_user_server] Check for updates...
[2023-01-17 05:04:57.804] [info] [console_user_server] grabber_client next heartbeat deadline exceeded
[2023-01-17 05:04:57.934] [info] [console_user_server] grabber_client is stopped.
[2023-01-17 05:04:57.947] [info] [console_user_server] grabber_client is started.
[2023-01-17 05:04:57.950] [info] [console_user_server] grabber_client is connected.
[2023-01-17 05:04:58.402] [info] [console_user_server] Load /Users/steveops/.config/karabiner/karabiner.json...
[2023-01-17 05:04:58.403] [info] [console_user_server] core_configuration is updated.
[2023-01-17 05:05:28.869] [info] [console_user_server] Check for updates...
[2023-01-17 05:58:59.879] [info] [console_user_server] grabber_client next heartbeat deadline exceeded
[2023-01-17 05:58:59.879] [info] [console_user_server] grabber_client is stopped.
[2023-01-17 05:58:59.883] [info] [console_user_server] grabber_client is started.
[2023-01-17 05:58:59.883] [info] [console_user_server] grabber_client is connected.
[2023-01-17 05:59:00.141] [info] [console_user_server] Load /Users/steveops/.config/karabiner/karabiner.json...
[2023-01-17 05:59:00.142] [info] [console_user_server] core_configuration is updated.
[2023-01-17 05:59:30.572] [info] [console_user_server] Check for updates...
[2023-01-17 07:05:27.634] [info] [console_user_server] grabber_client next heartbeat deadline exceeded
[2023-01-17 07:05:27.769] [info] [console_user_server] grabber_client is stopped.
[2023-01-17 07:05:27.827] [info] [console_user_server] grabber_client is started.
[2023-01-17 07:05:27.829] [info] [console_user_server] grabber_client is connected.
[2023-01-17 07:05:28.373] [info] [console_user_server] Load /Users/steveops/.config/karabiner/karabiner.json...
[2023-01-17 07:05:28.374] [info] [console_user_server] core_configuration is updated.
[2023-01-17 07:05:59.090] [info] [console_user_server] Check for updates...
[2023-01-17 08:39:42.028] [info] [console_user_server] grabber_client next heartbeat deadline exceeded
[2023-01-17 08:39:42.062] [info] [console_user_server] grabber_client is stopped.
[2023-01-17 08:39:42.838] [info] [console_user_server] grabber_client is started.
[2023-01-17 08:39:42.841] [info] [console_user_server] grabber_client is connected.
[2023-01-17 08:39:43.185] [info] [console_user_server] Load /Users/steveops/.config/karabiner/karabiner.json...
[2023-01-17 08:39:43.186] [info] [console_user_server] core_configuration is updated.
[2023-01-17 08:40:13.754] [info] [console_user_server] Check for updates...
[2023-01-17 10:14:09.834] [info] [console_user_server] grabber_client next heartbeat deadline exceeded
[2023-01-17 10:14:09.842] [info] [console_user_server] grabber_client is stopped.
[2023-01-17 10:14:09.856] [info] [console_user_server] grabber_client is started.
[2023-01-17 10:14:09.877] [info] [console_user_server] grabber_client is connected.
[2023-01-17 10:14:10.545] [info] [console_user_server] Load /Users/steveops/.config/karabiner/karabiner.json...
[2023-01-17 10:14:10.560] [info] [console_user_server] core_configuration is updated.
[2023-01-17 10:14:42.131] [info] [console_user_server] Check for updates...
[2023-01-17 10:27:00.135] [info] [console_user_server] grabber_client next heartbeat deadline exceeded
[2023-01-17 10:27:00.145] [info] [console_user_server] grabber_client is stopped.
[2023-01-17 10:27:00.193] [info] [console_user_server] grabber_client is started.
[2023-01-17 10:27:00.194] [info] [console_user_server] grabber_client is connected.
[2023-01-17 10:27:00.948] [info] [console_user_server] Load /Users/steveops/.config/karabiner/karabiner.json...
[2023-01-17 10:27:00.949] [info] [console_user_server] core_configuration is updated.
[2023-01-17 10:27:31.422] [info] [console_user_server] Check for updates...
[2023-01-17 11:56:33.798] [info] [console_user_server] grabber_client next heartbeat deadline exceeded
[2023-01-17 11:56:33.800] [info] [console_user_server] grabber_client is stopped.
[2023-01-17 11:56:33.860] [info] [console_user_server] grabber_client is started.
[2023-01-17 11:56:33.862] [info] [console_user_server] grabber_client is connected.
[2023-01-17 11:56:34.202] [info] [console_user_server] Load /Users/steveops/.config/karabiner/karabiner.json...
[2023-01-17 11:56:34.203] [info] [console_user_server] core_configuration is updated.
[2023-01-17 11:57:04.815] [info] [console_user_server] Check for updates...
[2023-01-17 12:13:49.657] [info] [console_user_server] grabber_client next heartbeat deadline exceeded
[2023-01-17 12:13:49.659] [info] [console_user_server] grabber_client is stopped.
[2023-01-17 12:13:49.667] [info] [console_user_server] grabber_client is started.
[2023-01-17 12:13:49.671] [info] [console_user_server] grabber_client is connected.
[2023-01-17 12:13:50.150] [info] [console_user_server] Load /Users/steveops/.config/karabiner/karabiner.json...
[2023-01-17 12:13:50.151] [info] [console_user_server] core_configuration is updated.
[2023-01-17 12:14:20.615] [info] [console_user_server] Check for updates...
[2023-01-17 12:24:13.542] [info] [console_user_server] grabber_client next heartbeat deadline exceeded
[2023-01-17 12:24:13.543] [info] [console_user_server] grabber_client is stopped.
[2023-01-17 12:24:13.619] [info] [console_user_server] grabber_client is started.
[2023-01-17 12:24:13.620] [info] [console_user_server] grabber_client is connected.
[2023-01-17 12:24:13.859] [info] [console_user_server] Load /Users/steveops/.config/karabiner/karabiner.json...
[2023-01-17 12:24:13.859] [info] [console_user_server] core_configuration is updated.
[2023-01-17 12:24:44.555] [info] [console_user_server] Check for updates...
[2023-01-17 14:47:39.467] [info] [console_user_server] grabber_client next heartbeat deadline exceeded
[2023-01-17 14:47:39.560] [info] [console_user_server] grabber_client is stopped.
[2023-01-17 14:47:39.612] [info] [console_user_server] grabber_client is started.
[2023-01-17 14:47:39.613] [info] [console_user_server] grabber_client is connected.
[2023-01-17 14:47:40.273] [info] [console_user_server] Load /Users/steveops/.config/karabiner/karabiner.json...
[2023-01-17 14:47:40.276] [info] [console_user_server] core_configuration is updated.
[2023-01-17 14:48:10.779] [info] [console_user_server] Check for updates...
[2023-01-17 15:04:52.867] [info] [console_user_server] grabber_client next heartbeat deadline exceeded
[2023-01-17 15:04:52.867] [info] [console_user_server] grabber_client is stopped.
[2023-01-17 15:04:52.868] [info] [console_user_server] grabber_client is started.
[2023-01-17 15:04:52.868] [info] [console_user_server] grabber_client is connected.
[2023-01-17 15:04:53.395] [info] [console_user_server] Load /Users/steveops/.config/karabiner/karabiner.json...
[2023-01-17 15:04:53.396] [info] [console_user_server] core_configuration is updated.
[2023-01-17 15:05:24.031] [info] [console_user_server] Check for updates...
[2023-01-17 15:18:30.520] [info] [console_user_server] grabber_client next heartbeat deadline exceeded
[2023-01-17 15:18:30.631] [info] [console_user_server] grabber_client is stopped.
[2023-01-17 15:18:30.683] [info] [console_user_server] grabber_client is started.
[2023-01-17 15:18:30.684] [info] [console_user_server] grabber_client is connected.
[2023-01-17 15:18:31.212] [info] [console_user_server] Load /Users/steveops/.config/karabiner/karabiner.json...
[2023-01-17 15:18:31.213] [info] [console_user_server] core_configuration is updated.
[2023-01-17 15:19:01.773] [info] [console_user_server] Check for updates...
[2023-01-17 16:02:01.685] [info] [console_user_server] grabber_client next heartbeat deadline exceeded
[2023-01-17 16:02:01.758] [info] [console_user_server] grabber_client is stopped.
[2023-01-17 16:02:01.853] [info] [console_user_server] grabber_client is started.
[2023-01-17 16:02:01.853] [info] [console_user_server] grabber_client is connected.
[2023-01-17 16:02:02.203] [info] [console_user_server] Load /Users/steveops/.config/karabiner/karabiner.json...
[2023-01-17 16:02:02.204] [info] [console_user_server] core_configuration is updated.
[2023-01-17 16:02:32.842] [info] [console_user_server] Check for updates...
[2023-01-17 16:23:32.901] [info] [console_user_server] grabber_client next heartbeat deadline exceeded
[2023-01-17 16:23:33.008] [info] [console_user_server] grabber_client is stopped.
[2023-01-17 16:23:33.079] [info] [console_user_server] grabber_client is started.
[2023-01-17 16:23:33.082] [info] [console_user_server] grabber_client is connected.
[2023-01-17 16:23:33.406] [info] [console_user_server] Load /Users/steveops/.config/karabiner/karabiner.json...
[2023-01-17 16:23:33.407] [info] [console_user_server] core_configuration is updated.
[2023-01-17 16:24:04.018] [info] [console_user_server] Check for updates...
[2023-01-17 17:13:29.625] [info] [console_user_server] grabber_client next heartbeat deadline exceeded
[2023-01-17 17:13:29.701] [info] [console_user_server] grabber_client is stopped.
[2023-01-17 17:13:29.710] [info] [console_user_server] grabber_client is started.
[2023-01-17 17:13:29.711] [info] [console_user_server] grabber_client is connected.
[2023-01-17 17:13:30.154] [info] [console_user_server] Load /Users/steveops/.config/karabiner/karabiner.json...
[2023-01-17 17:13:30.155] [info] [console_user_server] core_configuration is updated.
[2023-01-17 17:14:00.772] [info] [console_user_server] Check for updates...
[2023-01-17 18:06:31.671] [info] [console_user_server] grabber_client next heartbeat deadline exceeded
[2023-01-17 18:06:31.675] [info] [console_user_server] grabber_client is stopped.
[2023-01-17 18:06:31.682] [info] [console_user_server] grabber_client is started.
[2023-01-17 18:06:31.684] [info] [console_user_server] grabber_client is connected.
[2023-01-17 18:06:32.150] [info] [console_user_server] Load /Users/steveops/.config/karabiner/karabiner.json...
[2023-01-17 18:06:32.151] [info] [console_user_server] core_configuration is updated.
[2023-01-17 18:07:03.016] [info] [console_user_server] Check for updates...
[2023-01-17 19:11:19.993] [info] [console_user_server] grabber_client next heartbeat deadline exceeded
[2023-01-17 19:11:20.094] [info] [console_user_server] grabber_client is stopped.
[2023-01-17 19:11:20.107] [info] [console_user_server] grabber_client is started.
[2023-01-17 19:11:20.112] [info] [console_user_server] grabber_client is connected.
[2023-01-17 19:11:20.601] [info] [console_user_server] Load /Users/steveops/.config/karabiner/karabiner.json...
[2023-01-17 19:11:20.602] [info] [console_user_server] core_configuration is updated.
[2023-01-17 19:11:51.178] [info] [console_user_server] Check for updates...
[2023-01-17 19:14:51.916] [info] [console_user_server] grabber_client next heartbeat deadline exceeded
[2023-01-17 19:14:51.921] [info] [console_user_server] grabber_client is stopped.
[2023-01-17 19:14:51.928] [info] [console_user_server] grabber_client is started.
[2023-01-17 19:14:51.930] [info] [console_user_server] grabber_client is connected.
[2023-01-17 19:14:52.516] [info] [console_user_server] Load /Users/steveops/.config/karabiner/karabiner.json...
[2023-01-17 19:14:52.517] [info] [console_user_server] core_configuration is updated.
[2023-01-17 19:15:22.989] [info] [console_user_server] Check for updates...
[2023-01-17 19:18:22.995] [info] [console_user_server] grabber_client next heartbeat deadline exceeded
[2023-01-17 19:18:22.997] [info] [console_user_server] grabber_client is stopped.
[2023-01-17 19:18:23.067] [info] [console_user_server] grabber_client is started.
[2023-01-17 19:18:23.070] [info] [console_user_server] grabber_client is connected.
[2023-01-17 19:18:23.386] [info] [console_user_server] Load /Users/steveops/.config/karabiner/karabiner.json...
[2023-01-17 19:18:23.387] [info] [console_user_server] core_configuration is updated.
[2023-01-17 19:18:53.887] [info] [console_user_server] Check for updates...
[2023-01-17 19:50:15.586] [info] [console_user_server] grabber_client next heartbeat deadline exceeded
[2023-01-17 19:50:15.592] [info] [console_user_server] grabber_client is stopped.
[2023-01-17 19:50:15.596] [info] [console_user_server] grabber_client is started.
[2023-01-17 19:50:15.597] [info] [console_user_server] grabber_client is connected.
[2023-01-17 19:50:16.527] [info] [console_user_server] Load /Users/steveops/.config/karabiner/karabiner.json...
[2023-01-17 19:50:16.528] [info] [console_user_server] core_configuration is updated.
[2023-01-17 19:50:47.054] [info] [console_user_server] Check for updates...
[2023-01-17 19:54:07.425] [info] [console_user_server] grabber_client next heartbeat deadline exceeded
[2023-01-17 19:54:07.426] [info] [console_user_server] grabber_client is stopped.
[2023-01-17 19:54:07.429] [info] [console_user_server] grabber_client is started.
[2023-01-17 19:54:07.429] [info] [console_user_server] grabber_client is connected.
[2023-01-17 19:54:07.944] [info] [console_user_server] Load /Users/steveops/.config/karabiner/karabiner.json...
[2023-01-17 19:54:07.945] [info] [console_user_server] core_configuration is updated.
[2023-01-17 19:54:38.559] [info] [console_user_server] Check for updates...
[2023-01-17 20:01:31.057] [info] [console_user_server] grabber_client next heartbeat deadline exceeded
[2023-01-17 20:01:31.058] [info] [console_user_server] grabber_client is stopped.
[2023-01-17 20:01:31.131] [info] [console_user_server] grabber_client is started.
[2023-01-17 20:01:31.164] [info] [console_user_server] grabber_client is connected.
[2023-01-17 20:01:31.609] [info] [console_user_server] Load /Users/steveops/.config/karabiner/karabiner.json...
[2023-01-17 20:01:31.610] [info] [console_user_server] core_configuration is updated.
[2023-01-17 20:02:02.144] [info] [console_user_server] Check for updates...
[2023-01-17 21:20:36.270] [info] [console_user_server] grabber_client next heartbeat deadline exceeded
[2023-01-17 21:20:36.315] [info] [console_user_server] grabber_client is stopped.
[2023-01-17 21:20:36.338] [info] [console_user_server] grabber_client is started.
[2023-01-17 21:20:36.345] [info] [console_user_server] grabber_client is connected.
[2023-01-17 21:20:36.999] [info] [console_user_server] Load /Users/steveops/.config/karabiner/karabiner.json...
[2023-01-17 21:20:37.000] [info] [console_user_server] core_configuration is updated.
[2023-01-17 21:21:07.495] [info] [console_user_server] Check for updates...
[2023-01-17 21:37:50.704] [info] [console_user_server] grabber_client next heartbeat deadline exceeded
[2023-01-17 21:37:50.755] [info] [console_user_server] grabber_client is stopped.
[2023-01-17 21:37:50.765] [info] [console_user_server] grabber_client is started.
[2023-01-17 21:37:50.767] [info] [console_user_server] grabber_client is connected.
[2023-01-17 21:37:50.982] [info] [console_user_server] Load /Users/steveops/.config/karabiner/karabiner.json...
[2023-01-17 21:37:50.983] [info] [console_user_server] core_configuration is updated.
[2023-01-17 21:38:21.460] [info] [console_user_server] Check for updates...
[2023-01-17 21:49:24.764] [info] [console_user_server] grabber_client next heartbeat deadline exceeded
[2023-01-17 21:49:24.765] [info] [console_user_server] grabber_client is stopped.
[2023-01-17 21:49:24.770] [info] [console_user_server] grabber_client is started.
[2023-01-17 21:49:24.771] [info] [console_user_server] grabber_client is connected.
[2023-01-17 21:49:25.170] [info] [console_user_server] Load /Users/steveops/.config/karabiner/karabiner.json...
[2023-01-17 21:49:25.171] [info] [console_user_server] core_configuration is updated.
[2023-01-17 21:49:55.768] [info] [console_user_server] Check for updates...
[2023-01-17 22:38:12.720] [info] [console_user_server] grabber_client next heartbeat deadline exceeded
[2023-01-17 22:38:12.976] [info] [console_user_server] grabber_client is stopped.
[2023-01-17 22:38:12.984] [info] [console_user_server] grabber_client is started.
[2023-01-17 22:38:12.985] [info] [console_user_server] grabber_client is connected.
[2023-01-17 22:38:13.283] [info] [console_user_server] Load /Users/steveops/.config/karabiner/karabiner.json...
[2023-01-17 22:38:13.284] [info] [console_user_server] core_configuration is updated.
[2023-01-17 22:38:43.896] [info] [console_user_server] Check for updates...
[2023-01-17 22:43:58.566] [info] [console_user_server] grabber_client next heartbeat deadline exceeded
[2023-01-17 22:43:58.635] [info] [console_user_server] grabber_client is stopped.
[2023-01-17 22:43:58.641] [info] [console_user_server] grabber_client is started.
[2023-01-17 22:43:58.641] [info] [console_user_server] grabber_client is connected.
[2023-01-17 22:43:59.129] [info] [console_user_server] Load /Users/steveops/.config/karabiner/karabiner.json...
[2023-01-17 22:43:59.130] [info] [console_user_server] core_configuration is updated.
[2023-01-17 22:44:29.677] [info] [console_user_server] Check for updates...
[2023-01-17 23:05:33.839] [info] [console_user_server] grabber_client next heartbeat deadline exceeded
[2023-01-17 23:05:33.883] [info] [console_user_server] grabber_client is stopped.
[2023-01-17 23:05:33.887] [info] [console_user_server] grabber_client is started.
[2023-01-17 23:05:33.889] [info] [console_user_server] grabber_client is connected.
[2023-01-17 23:05:34.320] [info] [console_user_server] Load /Users/steveops/.config/karabiner/karabiner.json...
[2023-01-17 23:05:34.322] [info] [console_user_server] core_configuration is updated.
[2023-01-17 23:06:04.834] [info] [console_user_server] Check for updates...
[2023-01-18 00:00:53.924] [info] [console_user_server] grabber_client next heartbeat deadline exceeded
[2023-01-18 00:00:54.574] [info] [console_user_server] grabber_client is stopped.
[2023-01-18 00:00:54.646] [info] [console_user_server] grabber_client is started.
[2023-01-18 00:00:54.648] [info] [console_user_server] grabber_client is connected.
[2023-01-18 00:00:55.074] [info] [console_user_server] Load /Users/steveops/.config/karabiner/karabiner.json...
[2023-01-18 00:00:55.074] [info] [console_user_server] core_configuration is updated.
[2023-01-18 00:01:25.634] [info] [console_user_server] Check for updates...
[2023-01-18 00:57:55.645] [info] [console_user_server] grabber_client next heartbeat deadline exceeded
[2023-01-18 00:57:55.750] [info] [console_user_server] grabber_client is stopped.
[2023-01-18 00:57:55.769] [info] [console_user_server] grabber_client is started.
[2023-01-18 00:57:55.773] [info] [console_user_server] grabber_client is connected.
[2023-01-18 00:57:56.095] [info] [console_user_server] Load /Users/steveops/.config/karabiner/karabiner.json...
[2023-01-18 00:57:56.095] [info] [console_user_server] core_configuration is updated.
[2023-01-18 00:58:26.685] [info] [console_user_server] Check for updates...
[2023-01-18 01:13:55.502] [info] [console_user_server] grabber_client next heartbeat deadline exceeded
[2023-01-18 01:13:55.540] [info] [console_user_server] grabber_client is stopped.
[2023-01-18 01:13:55.561] [info] [console_user_server] grabber_client is started.
[2023-01-18 01:13:55.563] [info] [console_user_server] grabber_client is connected.
[2023-01-18 01:13:56.324] [info] [console_user_server] Load /Users/steveops/.config/karabiner/karabiner.json...
[2023-01-18 01:13:56.327] [info] [console_user_server] core_configuration is updated.
[2023-01-18 01:14:26.959] [info] [console_user_server] Check for updates...
[2023-01-18 01:30:26.579] [info] [console_user_server] grabber_client next heartbeat deadline exceeded
[2023-01-18 01:30:26.777] [info] [console_user_server] grabber_client is stopped.
[2023-01-18 01:30:26.827] [info] [console_user_server] grabber_client is started.
[2023-01-18 01:30:26.829] [info] [console_user_server] grabber_client is connected.
[2023-01-18 01:30:27.203] [info] [console_user_server] Load /Users/steveops/.config/karabiner/karabiner.json...
[2023-01-18 01:30:27.204] [info] [console_user_server] core_configuration is updated.
[2023-01-18 01:30:57.672] [info] [console_user_server] Check for updates...
[2023-01-18 02:07:14.547] [info] [console_user_server] grabber_client next heartbeat deadline exceeded
[2023-01-18 02:07:14.598] [info] [console_user_server] grabber_client is stopped.
[2023-01-18 02:07:14.605] [info] [console_user_server] grabber_client is started.
[2023-01-18 02:07:14.607] [info] [console_user_server] grabber_client is connected.
[2023-01-18 02:07:15.169] [info] [console_user_server] Load /Users/steveops/.config/karabiner/karabiner.json...
[2023-01-18 02:07:15.170] [info] [console_user_server] core_configuration is updated.
[2023-01-18 02:07:45.759] [info] [console_user_server] Check for updates...
[2023-01-18 02:12:59.632] [info] [console_user_server] grabber_client next heartbeat deadline exceeded
[2023-01-18 02:12:59.726] [info] [console_user_server] grabber_client is stopped.
[2023-01-18 02:12:59.855] [info] [console_user_server] grabber_client is started.
[2023-01-18 02:12:59.856] [info] [console_user_server] grabber_client is connected.
[2023-01-18 02:13:00.082] [info] [console_user_server] Load /Users/steveops/.config/karabiner/karabiner.json...
[2023-01-18 02:13:00.083] [info] [console_user_server] core_configuration is updated.
[2023-01-18 02:13:30.641] [info] [console_user_server] Check for updates...
[2023-01-18 02:18:44.794] [info] [console_user_server] grabber_client next heartbeat deadline exceeded
[2023-01-18 02:18:44.972] [info] [console_user_server] grabber_client is stopped.
[2023-01-18 02:18:44.977] [info] [console_user_server] grabber_client is started.
[2023-01-18 02:18:44.978] [info] [console_user_server] grabber_client is connected.
[2023-01-18 02:18:45.286] [info] [console_user_server] Load /Users/steveops/.config/karabiner/karabiner.json...
[2023-01-18 02:18:45.287] [info] [console_user_server] core_configuration is updated.
[2023-01-18 02:19:15.846] [info] [console_user_server] Check for updates...
[2023-01-18 05:05:14.859] [info] [console_user_server] grabber_client next heartbeat deadline exceeded
[2023-01-18 05:05:14.968] [info] [console_user_server] grabber_client is stopped.
[2023-01-18 05:05:14.973] [info] [console_user_server] grabber_client is started.
[2023-01-18 05:05:14.974] [info] [console_user_server] grabber_client is connected.
[2023-01-18 05:05:15.526] [info] [console_user_server] Load /Users/steveops/.config/karabiner/karabiner.json...
[2023-01-18 05:05:15.527] [info] [console_user_server] core_configuration is updated.
[2023-01-18 05:05:46.102] [info] [console_user_server] Check for updates...
[2023-01-18 06:04:16.431] [info] [console_user_server] grabber_client next heartbeat deadline exceeded
[2023-01-18 06:04:16.432] [info] [console_user_server] grabber_client is stopped.
[2023-01-18 06:04:16.437] [info] [console_user_server] grabber_client is started.
[2023-01-18 06:04:16.437] [info] [console_user_server] grabber_client is connected.
[2023-01-18 06:04:16.913] [info] [console_user_server] Load /Users/steveops/.config/karabiner/karabiner.json...
[2023-01-18 06:04:16.914] [info] [console_user_server] core_configuration is updated.
[2023-01-18 06:04:47.611] [info] [console_user_server] Check for updates...
[2023-01-18 06:10:17.400] [info] [console_user_server] grabber_client next heartbeat deadline exceeded
[2023-01-18 06:10:17.530] [info] [console_user_server] grabber_client is stopped.
[2023-01-18 06:10:17.601] [info] [console_user_server] grabber_client is started.
[2023-01-18 06:10:17.608] [info] [console_user_server] grabber_client is connected.
[2023-01-18 06:10:17.972] [info] [console_user_server] Load /Users/steveops/.config/karabiner/karabiner.json...
[2023-01-18 06:10:17.973] [info] [console_user_server] core_configuration is updated.
[2023-01-18 06:10:48.500] [info] [console_user_server] Check for updates...
[2023-01-18 07:50:46.433] [info] [console_user_server] grabber_client next heartbeat deadline exceeded
[2023-01-18 07:50:46.495] [info] [console_user_server] grabber_client is stopped.
[2023-01-18 07:50:46.525] [info] [console_user_server] grabber_client is started.
[2023-01-18 07:50:46.526] [info] [console_user_server] grabber_client is connected.
[2023-01-18 07:50:47.093] [info] [console_user_server] Load /Users/steveops/.config/karabiner/karabiner.json...
[2023-01-18 07:50:47.094] [info] [console_user_server] core_configuration is updated.
[2023-01-18 07:51:17.588] [info] [console_user_server] Check for updates...
[2023-01-18 08:25:01.442] [info] [console_user_server] grabber_client next heartbeat deadline exceeded
[2023-01-18 08:25:01.572] [info] [console_user_server] grabber_client is stopped.
[2023-01-18 08:25:01.583] [info] [console_user_server] grabber_client is started.
[2023-01-18 08:25:01.586] [info] [console_user_server] grabber_client is connected.
[2023-01-18 08:25:02.010] [info] [console_user_server] Load /Users/steveops/.config/karabiner/karabiner.json...
[2023-01-18 08:25:02.011] [info] [console_user_server] core_configuration is updated.
[2023-01-18 08:25:32.639] [info] [console_user_server] Check for updates...
[2023-01-18 09:21:36.476] [info] [console_user_server] grabber_client next heartbeat deadline exceeded
[2023-01-18 09:21:36.481] [info] [console_user_server] grabber_client is stopped.
[2023-01-18 09:21:36.617] [info] [console_user_server] grabber_client is started.
[2023-01-18 09:21:36.621] [info] [console_user_server] grabber_client is connected.
[2023-01-18 09:21:37.019] [info] [console_user_server] Load /Users/steveops/.config/karabiner/karabiner.json...
[2023-01-18 09:21:37.019] [info] [console_user_server] core_configuration is updated.
[2023-01-18 09:22:07.520] [info] [console_user_server] Check for updates...
[2023-01-18 10:13:44.905] [info] [console_user_server] grabber_client next heartbeat deadline exceeded
[2023-01-18 10:13:45.037] [info] [console_user_server] grabber_client is stopped.
[2023-01-18 10:13:45.390] [info] [console_user_server] grabber_client is started.
[2023-01-18 10:13:45.561] [info] [console_user_server] grabber_client is connected.
[2023-01-18 10:13:46.222] [info] [console_user_server] Load /Users/steveops/.config/karabiner/karabiner.json...
[2023-01-18 10:13:46.223] [info] [console_user_server] core_configuration is updated.
[2023-01-18 10:14:16.878] [info] [console_user_server] Check for updates...
[2023-01-18 11:55:46.333] [info] [console_user_server] grabber_client next heartbeat deadline exceeded
[2023-01-18 11:55:46.494] [info] [console_user_server] grabber_client is stopped.
[2023-01-18 11:55:46.690] [info] [console_user_server] grabber_client is started.
[2023-01-18 11:55:47.164] [info] [console_user_server] grabber_client is connected.
[2023-01-18 11:55:47.596] [info] [console_user_server] Load /Users/steveops/.config/karabiner/karabiner.json...
[2023-01-18 11:55:47.609] [info] [console_user_server] core_configuration is updated.
[2023-01-18 11:56:18.100] [info] [console_user_server] Check for updates...
[2023-01-18 12:01:32.466] [info] [console_user_server] grabber_client next heartbeat deadline exceeded
[2023-01-18 12:01:32.539] [info] [console_user_server] grabber_client is stopped.
[2023-01-18 12:01:32.898] [info] [console_user_server] grabber_client is started.
[2023-01-18 12:01:32.898] [info] [console_user_server] grabber_client is connected.
[2023-01-18 12:01:33.225] [info] [console_user_server] Load /Users/steveops/.config/karabiner/karabiner.json...
[2023-01-18 12:01:33.226] [info] [console_user_server] core_configuration is updated.
[2023-01-18 12:02:03.771] [info] [console_user_server] Check for updates...
[2023-01-18 13:05:06.457] [info] [console_user_server] grabber_client next heartbeat deadline exceeded
[2023-01-18 13:05:06.511] [info] [console_user_server] grabber_client is stopped.
[2023-01-18 13:05:06.758] [info] [console_user_server] grabber_client is started.
[2023-01-18 13:05:06.760] [info] [console_user_server] grabber_client is connected.
[2023-01-18 13:05:07.068] [info] [console_user_server] Load /Users/steveops/.config/karabiner/karabiner.json...
[2023-01-18 13:05:07.069] [info] [console_user_server] core_configuration is updated.
[2023-01-18 13:05:37.633] [info] [console_user_server] Check for updates...
[2023-01-18 13:50:29.311] [info] [console_user_server] grabber_client next heartbeat deadline exceeded
[2023-01-18 13:50:29.411] [info] [console_user_server] grabber_client is stopped.
[2023-01-18 13:50:29.435] [info] [console_user_server] grabber_client is started.
[2023-01-18 13:50:29.437] [info] [console_user_server] grabber_client is connected.
[2023-01-18 13:50:29.972] [info] [console_user_server] Load /Users/steveops/.config/karabiner/karabiner.json...
[2023-01-18 13:50:29.973] [info] [console_user_server] core_configuration is updated.
[2023-01-18 13:51:00.489] [info] [console_user_server] Check for updates...
[2023-01-18 14:20:45.446] [info] [console_user_server] grabber_client next heartbeat deadline exceeded
[2023-01-18 14:20:45.449] [info] [console_user_server] grabber_client is stopped.
[2023-01-18 14:20:45.512] [info] [console_user_server] grabber_client is started.
[2023-01-18 14:20:45.609] [info] [console_user_server] grabber_client is connected.
[2023-01-18 14:20:46.122] [info] [console_user_server] Load /Users/steveops/.config/karabiner/karabiner.json...
[2023-01-18 14:20:46.123] [info] [console_user_server] core_configuration is updated.
[2023-01-18 14:21:16.651] [info] [console_user_server] Check for updates...
[2023-01-18 15:22:09.430] [info] [console_user_server] grabber_client next heartbeat deadline exceeded
[2023-01-18 15:22:09.433] [info] [console_user_server] grabber_client is stopped.
[2023-01-18 15:22:09.437] [info] [console_user_server] grabber_client is started.
[2023-01-18 15:22:09.438] [info] [console_user_server] grabber_client is connected.
[2023-01-18 15:22:09.893] [info] [console_user_server] Load /Users/steveops/.config/karabiner/karabiner.json...
[2023-01-18 15:22:09.894] [info] [console_user_server] core_configuration is updated.
[2023-01-18 15:22:40.452] [info] [console_user_server] Check for updates...
[2023-01-18 15:28:42.379] [info] [console_user_server] grabber_client next heartbeat deadline exceeded
[2023-01-18 15:28:42.381] [info] [console_user_server] grabber_client is stopped.
[2023-01-18 15:28:42.389] [info] [console_user_server] grabber_client is started.
[2023-01-18 15:28:42.390] [info] [console_user_server] grabber_client is connected.
[2023-01-18 15:28:42.770] [info] [console_user_server] Load /Users/steveops/.config/karabiner/karabiner.json...
[2023-01-18 15:28:42.773] [info] [console_user_server] core_configuration is updated.
[2023-01-18 15:29:13.345] [info] [console_user_server] Check for updates...
[2023-01-18 15:40:11.304] [info] [console_user_server] grabber_client next heartbeat deadline exceeded
[2023-01-18 15:40:11.544] [info] [console_user_server] grabber_client is stopped.
[2023-01-18 15:40:11.651] [info] [console_user_server] grabber_client is started.
[2023-01-18 15:40:11.654] [info] [console_user_server] grabber_client is connected.
[2023-01-18 15:40:11.902] [info] [console_user_server] Load /Users/steveops/.config/karabiner/karabiner.json...
[2023-01-18 15:40:11.903] [info] [console_user_server] core_configuration is updated.
[2023-01-18 15:40:42.469] [info] [console_user_server] Check for updates...
[2023-01-18 16:15:45.603] [info] [console_user_server] grabber_client next heartbeat deadline exceeded
[2023-01-18 16:15:45.840] [info] [console_user_server] grabber_client is stopped.
[2023-01-18 16:15:45.945] [info] [console_user_server] grabber_client is started.
[2023-01-18 16:15:45.949] [info] [console_user_server] grabber_client is connected.
[2023-01-18 16:15:46.278] [info] [console_user_server] Load /Users/steveops/.config/karabiner/karabiner.json...
[2023-01-18 16:15:46.279] [info] [console_user_server] core_configuration is updated.
[2023-01-18 16:16:16.821] [info] [console_user_server] Check for updates...
[2023-01-18 17:13:36.425] [info] [console_user_server] grabber_client next heartbeat deadline exceeded
[2023-01-18 17:13:36.577] [info] [console_user_server] grabber_client is stopped.
[2023-01-18 17:13:36.591] [info] [console_user_server] grabber_client is started.
[2023-01-18 17:13:36.598] [info] [console_user_server] grabber_client is connected.
[2023-01-18 17:13:36.927] [info] [console_user_server] Load /Users/steveops/.config/karabiner/karabiner.json...
[2023-01-18 17:13:36.928] [info] [console_user_server] core_configuration is updated.
[2023-01-18 17:14:07.584] [info] [console_user_server] Check for updates...
[2023-01-18 17:38:49.403] [info] [console_user_server] grabber_client next heartbeat deadline exceeded
[2023-01-18 17:38:49.404] [info] [console_user_server] grabber_client is stopped.
[2023-01-18 17:38:49.408] [info] [console_user_server] grabber_client is started.
[2023-01-18 17:38:49.412] [info] [console_user_server] grabber_client is connected.
[2023-01-18 17:38:49.725] [info] [console_user_server] Load /Users/steveops/.config/karabiner/karabiner.json...
[2023-01-18 17:38:49.726] [info] [console_user_server] core_configuration is updated.
[2023-01-18 17:39:20.370] [info] [console_user_server] Check for updates...
[2023-01-18 18:05:17.126] [info] [console_user_server] grabber_client next heartbeat deadline exceeded
[2023-01-18 18:05:17.156] [info] [console_user_server] grabber_client is stopped.
[2023-01-18 18:05:17.506] [info] [console_user_server] grabber_client is started.
[2023-01-18 18:05:17.561] [info] [console_user_server] grabber_client is connected.
[2023-01-18 18:05:17.986] [info] [console_user_server] Load /Users/steveops/.config/karabiner/karabiner.json...
[2023-01-18 18:05:17.987] [info] [console_user_server] core_configuration is updated.
[2023-01-18 18:05:48.480] [info] [console_user_server] Check for updates...
[2023-01-18 18:16:10.502] [info] [console_user_server] grabber_client next heartbeat deadline exceeded
[2023-01-18 18:16:10.505] [info] [console_user_server] grabber_client is stopped.
[2023-01-18 18:16:10.559] [info] [console_user_server] grabber_client is started.
[2023-01-18 18:16:10.562] [info] [console_user_server] grabber_client is connected.
[2023-01-18 18:16:11.224] [info] [console_user_server] Load /Users/steveops/.config/karabiner/karabiner.json...
[2023-01-18 18:16:11.225] [info] [console_user_server] core_configuration is updated.
[2023-01-18 18:16:41.884] [info] [console_user_server] Check for updates...
[2023-01-18 18:54:11.617] [info] [console_user_server] grabber_client next heartbeat deadline exceeded
[2023-01-18 18:54:11.639] [info] [console_user_server] grabber_client is stopped.
[2023-01-18 18:54:11.644] [info] [console_user_server] grabber_client is started.
[2023-01-18 18:54:11.646] [info] [console_user_server] grabber_client is connected.
[2023-01-18 18:54:12.177] [info] [console_user_server] Load /Users/steveops/.config/karabiner/karabiner.json...
[2023-01-18 18:54:12.183] [info] [console_user_server] core_configuration is updated.
[2023-01-18 18:54:42.668] [info] [console_user_server] Check for updates...
[2023-01-18 18:57:08.858] [info] [console_user_server] grabber_client next heartbeat deadline exceeded
[2023-01-18 18:57:08.860] [info] [console_user_server] grabber_client is stopped.
[2023-01-18 18:57:08.864] [info] [console_user_server] grabber_client is started.
[2023-01-18 18:57:08.865] [info] [console_user_server] grabber_client is connected.
[2023-01-18 18:57:09.222] [info] [console_user_server] Load /Users/steveops/.config/karabiner/karabiner.json...
[2023-01-18 18:57:09.223] [info] [console_user_server] core_configuration is updated.
[2023-01-18 18:57:39.757] [info] [console_user_server] Check for updates...
[2023-01-18 18:59:17.061] [info] [console_user_server] grabber_client next heartbeat deadline exceeded
[2023-01-18 18:59:17.063] [info] [console_user_server] grabber_client is stopped.
[2023-01-18 18:59:17.103] [info] [console_user_server] grabber_client is started.
[2023-01-18 18:59:17.110] [info] [console_user_server] grabber_client is connected.
[2023-01-18 18:59:18.059] [info] [console_user_server] Load /Users/steveops/.config/karabiner/karabiner.json...
[2023-01-18 18:59:18.060] [info] [console_user_server] core_configuration is updated.
[2023-01-18 18:59:48.574] [info] [console_user_server] Check for updates...
[2023-01-18 19:42:19.772] [info] [console_user_server] grabber_client next heartbeat deadline exceeded
[2023-01-18 19:42:19.773] [info] [console_user_server] grabber_client is stopped.
[2023-01-18 19:42:19.946] [info] [console_user_server] grabber_client is started.
[2023-01-18 19:42:19.947] [info] [console_user_server] grabber_client is connected.
[2023-01-18 19:42:20.219] [info] [console_user_server] Load /Users/steveops/.config/karabiner/karabiner.json...
[2023-01-18 19:42:20.220] [info] [console_user_server] core_configuration is updated.
[2023-01-18 19:42:50.763] [info] [console_user_server] Check for updates...
[2023-01-18 20:06:22.230] [info] [console_user_server] grabber_client next heartbeat deadline exceeded
[2023-01-18 20:06:22.354] [info] [console_user_server] grabber_client is stopped.
[2023-01-18 20:06:22.363] [info] [console_user_server] grabber_client is started.
[2023-01-18 20:06:22.364] [info] [console_user_server] grabber_client is connected.
[2023-01-18 20:06:22.782] [info] [console_user_server] Load /Users/steveops/.config/karabiner/karabiner.json...
[2023-01-18 20:06:22.783] [info] [console_user_server] core_configuration is updated.
[2023-01-18 20:06:53.394] [info] [console_user_server] Check for updates...
[2023-01-18 20:33:07.274] [info] [console_user_server] grabber_client next heartbeat deadline exceeded
[2023-01-18 20:33:07.329] [info] [console_user_server] grabber_client is stopped.
[2023-01-18 20:33:07.333] [info] [console_user_server] grabber_client is started.
[2023-01-18 20:33:07.335] [info] [console_user_server] grabber_client is connected.
[2023-01-18 20:33:08.073] [info] [console_user_server] Load /Users/steveops/.config/karabiner/karabiner.json...
[2023-01-18 20:33:08.074] [info] [console_user_server] core_configuration is updated.
[2023-01-18 20:33:38.661] [info] [console_user_server] Check for updates...
[2023-01-18 20:38:52.223] [info] [console_user_server] grabber_client next heartbeat deadline exceeded
[2023-01-18 20:38:52.300] [info] [console_user_server] grabber_client is stopped.
[2023-01-18 20:38:52.318] [info] [console_user_server] grabber_client is started.
[2023-01-18 20:38:52.320] [info] [console_user_server] grabber_client is connected.
[2023-01-18 20:38:53.008] [info] [console_user_server] Load /Users/steveops/.config/karabiner/karabiner.json...
[2023-01-18 20:38:53.009] [info] [console_user_server] core_configuration is updated.
[2023-01-18 20:39:23.507] [info] [console_user_server] Check for updates...
[2023-01-18 20:50:22.227] [info] [console_user_server] grabber_client next heartbeat deadline exceeded
[2023-01-18 20:50:22.387] [info] [console_user_server] grabber_client is stopped.
[2023-01-18 20:50:22.391] [info] [console_user_server] grabber_client is started.
[2023-01-18 20:50:22.396] [info] [console_user_server] grabber_client is connected.
[2023-01-18 20:50:22.818] [info] [console_user_server] Load /Users/steveops/.config/karabiner/karabiner.json...
[2023-01-18 20:50:22.819] [info] [console_user_server] core_configuration is updated.
[2023-01-18 20:50:53.321] [info] [console_user_server] Check for updates...
[2023-01-18 21:18:35.441] [info] [console_user_server] grabber_client next heartbeat deadline exceeded
[2023-01-18 21:18:35.442] [info] [console_user_server] grabber_client is stopped.
[2023-01-18 21:18:35.455] [info] [console_user_server] grabber_client is started.
[2023-01-18 21:18:35.456] [info] [console_user_server] grabber_client is connected.
[2023-01-18 21:18:36.058] [info] [console_user_server] Load /Users/steveops/.config/karabiner/karabiner.json...
[2023-01-18 21:18:36.059] [info] [console_user_server] core_configuration is updated.
[2023-01-18 21:19:06.604] [info] [console_user_server] Check for updates...
[2023-01-18 23:15:49.535] [info] [console_user_server] grabber_client next heartbeat deadline exceeded
[2023-01-18 23:15:49.587] [info] [console_user_server] grabber_client is stopped.
[2023-01-18 23:15:49.594] [info] [console_user_server] grabber_client is started.
[2023-01-18 23:15:49.598] [info] [console_user_server] grabber_client is connected.
[2023-01-18 23:15:49.792] [info] [console_user_server] Load /Users/steveops/.config/karabiner/karabiner.json...
[2023-01-18 23:15:49.793] [info] [console_user_server] core_configuration is updated.
[2023-01-18 23:16:20.305] [info] [console_user_server] Check for updates...
[2023-01-19 00:35:02.551] [info] [console_user_server] grabber_client next heartbeat deadline exceeded
[2023-01-19 00:35:02.628] [info] [console_user_server] grabber_client is stopped.
[2023-01-19 00:35:02.635] [info] [console_user_server] grabber_client is started.
[2023-01-19 00:35:02.637] [info] [console_user_server] grabber_client is connected.
[2023-01-19 00:35:02.959] [info] [console_user_server] Load /Users/steveops/.config/karabiner/karabiner.json...
[2023-01-19 00:35:02.960] [info] [console_user_server] core_configuration is updated.
[2023-01-19 00:35:33.614] [info] [console_user_server] Check for updates...
[2023-01-19 00:57:22.204] [info] [console_user_server] grabber_client next heartbeat deadline exceeded
[2023-01-19 00:57:22.325] [info] [console_user_server] grabber_client is stopped.
[2023-01-19 00:57:22.333] [info] [console_user_server] grabber_client is started.
[2023-01-19 00:57:22.334] [info] [console_user_server] grabber_client is connected.
[2023-01-19 00:57:22.886] [info] [console_user_server] Load /Users/steveops/.config/karabiner/karabiner.json...
[2023-01-19 00:57:22.886] [info] [console_user_server] core_configuration is updated.
[2023-01-19 00:57:53.497] [info] [console_user_server] Check for updates...
[2023-01-19 01:34:39.464] [info] [console_user_server] grabber_client next heartbeat deadline exceeded
[2023-01-19 01:34:39.476] [info] [console_user_server] grabber_client is stopped.
[2023-01-19 01:34:39.482] [info] [console_user_server] grabber_client is started.
[2023-01-19 01:34:39.485] [info] [console_user_server] grabber_client is connected.
[2023-01-19 01:34:40.000] [info] [console_user_server] Load /Users/steveops/.config/karabiner/karabiner.json...
[2023-01-19 01:34:40.001] [info] [console_user_server] core_configuration is updated.
[2023-01-19 01:35:10.505] [info] [console_user_server] Check for updates...
[2023-01-19 01:49:32.815] [info] [console_user_server] grabber_client next heartbeat deadline exceeded
[2023-01-19 01:49:32.816] [info] [console_user_server] grabber_client is stopped.
[2023-01-19 01:49:32.820] [info] [console_user_server] grabber_client is started.
[2023-01-19 01:49:32.821] [info] [console_user_server] grabber_client is connected.
[2023-01-19 01:49:33.218] [info] [console_user_server] Load /Users/steveops/.config/karabiner/karabiner.json...
[2023-01-19 01:49:33.219] [info] [console_user_server] core_configuration is updated.
[2023-01-19 01:50:03.667] [info] [console_user_server] Check for updates...
[2023-01-19 02:43:43.105] [info] [console_user_server] grabber_client next heartbeat deadline exceeded
[2023-01-19 02:43:43.697] [info] [console_user_server] grabber_client is stopped.
[2023-01-19 02:43:43.862] [info] [console_user_server] grabber_client is started.
[2023-01-19 02:43:43.863] [info] [console_user_server] grabber_client is connected.
[2023-01-19 02:43:44.471] [info] [console_user_server] Load /Users/steveops/.config/karabiner/karabiner.json...
[2023-01-19 02:43:44.472] [info] [console_user_server] core_configuration is updated.
[2023-01-19 02:44:15.173] [info] [console_user_server] Check for updates...
[2023-01-19 02:48:37.175] [info] [console_user_server] grabber_client next heartbeat deadline exceeded
[2023-01-19 02:48:37.366] [info] [console_user_server] grabber_client is stopped.
[2023-01-19 02:48:37.515] [info] [console_user_server] grabber_client is started.
[2023-01-19 02:48:37.516] [info] [console_user_server] grabber_client is connected.
[2023-01-19 02:48:37.807] [info] [console_user_server] Load /Users/steveops/.config/karabiner/karabiner.json...
[2023-01-19 02:48:37.808] [info] [console_user_server] core_configuration is updated.
[2023-01-19 02:49:08.411] [info] [console_user_server] Check for updates...
[2023-01-19 03:00:06.298] [info] [console_user_server] grabber_client next heartbeat deadline exceeded
[2023-01-19 03:00:06.326] [info] [console_user_server] grabber_client is stopped.
[2023-01-19 03:00:06.331] [info] [console_user_server] grabber_client is started.
[2023-01-19 03:00:06.334] [info] [console_user_server] grabber_client is connected.
[2023-01-19 03:00:06.887] [info] [console_user_server] Load /Users/steveops/.config/karabiner/karabiner.json...
[2023-01-19 03:00:06.888] [info] [console_user_server] core_configuration is updated.
[2023-01-19 03:00:37.399] [info] [console_user_server] Check for updates...
[2023-01-19 04:27:59.156] [info] [console_user_server] grabber_client next heartbeat deadline exceeded
[2023-01-19 04:27:59.160] [info] [console_user_server] grabber_client is stopped.
[2023-01-19 04:27:59.188] [info] [console_user_server] grabber_client is started.
[2023-01-19 04:27:59.191] [info] [console_user_server] grabber_client is connected.
[2023-01-19 04:27:59.778] [info] [console_user_server] Load /Users/steveops/.config/karabiner/karabiner.json...
[2023-01-19 04:27:59.779] [info] [console_user_server] core_configuration is updated.
[2023-01-19 04:28:30.292] [info] [console_user_server] Check for updates...
[2023-01-19 05:18:37.040] [info] [console_user_server] grabber_client next heartbeat deadline exceeded
[2023-01-19 05:18:37.099] [info] [console_user_server] grabber_client is stopped.
[2023-01-19 05:18:37.589] [info] [console_user_server] grabber_client is started.
[2023-01-19 05:18:37.762] [info] [console_user_server] grabber_client is connected.
[2023-01-19 05:18:37.970] [info] [console_user_server] Load /Users/steveops/.config/karabiner/karabiner.json...
[2023-01-19 05:18:37.971] [info] [console_user_server] core_configuration is updated.
[2023-01-19 05:19:09.090] [info] [console_user_server] Check for updates...
[2023-01-19 05:24:23.209] [info] [console_user_server] grabber_client next heartbeat deadline exceeded
[2023-01-19 05:24:23.210] [info] [console_user_server] grabber_client is stopped.
[2023-01-19 05:24:23.212] [info] [console_user_server] grabber_client is started.
[2023-01-19 05:24:23.213] [info] [console_user_server] grabber_client is connected.
[2023-01-19 05:24:23.831] [info] [console_user_server] Load /Users/steveops/.config/karabiner/karabiner.json...
[2023-01-19 05:24:23.833] [info] [console_user_server] core_configuration is updated.
[2023-01-19 05:24:54.480] [info] [console_user_server] Check for updates...
[2023-01-19 05:35:55.095] [info] [console_user_server] grabber_client next heartbeat deadline exceeded
[2023-01-19 05:35:55.128] [info] [console_user_server] grabber_client is stopped.
[2023-01-19 05:35:55.217] [info] [console_user_server] grabber_client is started.
[2023-01-19 05:35:55.226] [info] [console_user_server] grabber_client is connected.
[2023-01-19 05:35:56.014] [info] [console_user_server] Load /Users/steveops/.config/karabiner/karabiner.json...
[2023-01-19 05:35:56.015] [info] [console_user_server] core_configuration is updated.
[2023-01-19 05:36:26.663] [info] [console_user_server] Check for updates...
[2023-01-19 06:15:22.037] [info] [console_user_server] grabber_client next heartbeat deadline exceeded
[2023-01-19 06:15:22.157] [info] [console_user_server] grabber_client is stopped.
[2023-01-19 06:15:22.190] [info] [console_user_server] grabber_client is started.
[2023-01-19 06:15:22.192] [info] [console_user_server] grabber_client is connected.
[2023-01-19 06:15:22.606] [info] [console_user_server] Load /Users/steveops/.config/karabiner/karabiner.json...
[2023-01-19 06:15:22.607] [info] [console_user_server] core_configuration is updated.
[2023-01-19 06:15:53.251] [info] [console_user_server] Check for updates...
[2023-01-19 06:51:13.265] [info] [console_user_server] grabber_client next heartbeat deadline exceeded
[2023-01-19 06:51:13.322] [info] [console_user_server] grabber_client is stopped.
[2023-01-19 06:51:13.328] [info] [console_user_server] grabber_client is started.
[2023-01-19 06:51:13.329] [info] [console_user_server] grabber_client is connected.
[2023-01-19 06:51:13.684] [info] [console_user_server] Load /Users/steveops/.config/karabiner/karabiner.json...
[2023-01-19 06:51:13.685] [info] [console_user_server] core_configuration is updated.
[2023-01-19 06:51:44.160] [info] [console_user_server] Check for updates...
[2023-01-19 07:18:49.081] [info] [console_user_server] grabber_client next heartbeat deadline exceeded
[2023-01-19 07:18:49.122] [info] [console_user_server] grabber_client is stopped.
[2023-01-19 07:18:49.200] [info] [console_user_server] grabber_client is started.
[2023-01-19 07:18:49.331] [info] [console_user_server] grabber_client is connected.
[2023-01-19 07:18:49.587] [info] [console_user_server] Load /Users/steveops/.config/karabiner/karabiner.json...
[2023-01-19 07:18:49.588] [info] [console_user_server] core_configuration is updated.
[2023-01-19 07:36:22.149] [info] [console_user_server] Check for updates...
[2023-01-19 08:08:34.024] [info] [console_user_server] grabber_client next heartbeat deadline exceeded
[2023-01-19 08:08:34.166] [info] [console_user_server] grabber_client is stopped.
[2023-01-19 08:08:34.206] [info] [console_user_server] grabber_client is started.
[2023-01-19 08:08:34.207] [info] [console_user_server] grabber_client is connected.
[2023-01-19 08:08:34.890] [info] [console_user_server] Load /Users/steveops/.config/karabiner/karabiner.json...
[2023-01-19 08:08:34.891] [info] [console_user_server] core_configuration is updated.
[2023-01-19 08:24:02.169] [info] [console_user_server] Check for updates...
[2023-01-19 08:56:07.024] [info] [console_user_server] grabber_client next heartbeat deadline exceeded
[2023-01-19 08:56:07.106] [info] [console_user_server] grabber_client is stopped.
[2023-01-19 08:56:07.137] [info] [console_user_server] grabber_client is started.
[2023-01-19 08:56:07.183] [info] [console_user_server] grabber_client is connected.
[2023-01-19 08:56:07.506] [info] [console_user_server] Load /Users/steveops/.config/karabiner/karabiner.json...
[2023-01-19 08:56:07.508] [info] [console_user_server] core_configuration is updated.
[2023-01-19 09:12:59.030] [info] [console_user_server] grabber_client next heartbeat deadline exceeded
[2023-01-19 09:12:59.034] [info] [console_user_server] grabber_client is stopped.
[2023-01-19 09:12:59.038] [info] [console_user_server] grabber_client is started.
[2023-01-19 09:12:59.039] [info] [console_user_server] grabber_client is connected.
[2023-01-19 09:12:59.524] [info] [console_user_server] Load /Users/steveops/.config/karabiner/karabiner.json...
[2023-01-19 09:12:59.525] [info] [console_user_server] core_configuration is updated.
[2023-01-19 09:29:41.018] [info] [console_user_server] grabber_client next heartbeat deadline exceeded
[2023-01-19 09:29:41.021] [info] [console_user_server] grabber_client is stopped.
[2023-01-19 09:29:41.024] [info] [console_user_server] grabber_client is started.
[2023-01-19 09:29:41.025] [info] [console_user_server] grabber_client is connected.
[2023-01-19 09:29:41.465] [info] [console_user_server] Load /Users/steveops/.config/karabiner/karabiner.json...
[2023-01-19 09:29:41.465] [info] [console_user_server] core_configuration is updated.
[2023-01-19 09:46:13.173] [info] [console_user_server] Check for updates...
[2023-01-19 10:25:33.733] [info] [console_user_server] grabber_client next heartbeat deadline exceeded
[2023-01-19 10:25:33.736] [info] [console_user_server] grabber_client is stopped.
[2023-01-19 10:25:33.860] [info] [console_user_server] grabber_client is started.
[2023-01-19 10:25:33.862] [info] [console_user_server] grabber_client is connected.
[2023-01-19 10:25:34.117] [info] [console_user_server] Load /Users/steveops/.config/karabiner/karabiner.json...
[2023-01-19 10:25:34.117] [info] [console_user_server] core_configuration is updated.
[2023-01-19 10:27:19.354] [info] [console_user_server] Check for updates...
[2023-01-19 10:41:12.026] [info] [console_user_server] grabber_client next heartbeat deadline exceeded
[2023-01-19 10:41:12.123] [info] [console_user_server] grabber_client is stopped.
[2023-01-19 10:41:12.145] [info] [console_user_server] grabber_client is started.
[2023-01-19 10:41:12.146] [info] [console_user_server] grabber_client is connected.
[2023-01-19 10:41:12.689] [info] [console_user_server] Load /Users/steveops/.config/karabiner/karabiner.json...
[2023-01-19 10:41:12.690] [info] [console_user_server] core_configuration is updated.
[2023-01-19 10:41:25.839] [info] [console_user_server] grabber_client next heartbeat deadline exceeded
[2023-01-19 10:41:25.840] [info] [console_user_server] grabber_client is stopped.
[2023-01-19 10:41:25.845] [info] [console_user_server] grabber_client is started.
[2023-01-19 10:41:25.846] [info] [console_user_server] grabber_client is connected.
[2023-01-19 10:41:25.965] [info] [console_user_server] Load /Users/steveops/.config/karabiner/karabiner.json...
[2023-01-19 10:41:25.966] [info] [console_user_server] core_configuration is updated.
[2023-01-19 10:58:49.480] [info] [console_user_server] Check for updates...
[2023-01-19 12:00:35.142] [info] [console_user_server] grabber_client next heartbeat deadline exceeded
[2023-01-19 12:00:35.146] [info] [console_user_server] grabber_client is stopped.
[2023-01-19 12:00:35.154] [info] [console_user_server] grabber_client is started.
[2023-01-19 12:00:35.157] [info] [console_user_server] grabber_client is connected.
[2023-01-19 12:00:35.736] [info] [console_user_server] Load /Users/steveops/.config/karabiner/karabiner.json...
[2023-01-19 12:00:35.737] [info] [console_user_server] core_configuration is updated.
[2023-01-19 12:16:22.091] [info] [console_user_server] Check for updates...
[2023-01-19 12:33:05.955] [info] [console_user_server] grabber_client next heartbeat deadline exceeded
[2023-01-19 12:33:05.955] [info] [console_user_server] grabber_client is stopped.
[2023-01-19 12:33:06.115] [info] [console_user_server] grabber_client is started.
[2023-01-19 12:33:06.117] [info] [console_user_server] grabber_client is connected.
[2023-01-19 12:33:06.500] [info] [console_user_server] Load /Users/steveops/.config/karabiner/karabiner.json...
[2023-01-19 12:33:06.501] [info] [console_user_server] core_configuration is updated.
[2023-01-19 12:50:45.615] [info] [console_user_server] Check for updates...
[2023-01-19 13:08:20.193] [info] [console_user_server] grabber_client next heartbeat deadline exceeded
[2023-01-19 13:08:20.199] [info] [console_user_server] grabber_client is stopped.
[2023-01-19 13:08:20.203] [info] [console_user_server] grabber_client is started.
[2023-01-19 13:08:20.204] [info] [console_user_server] grabber_client is connected.
[2023-01-19 13:08:21.009] [info] [console_user_server] Load /Users/steveops/.config/karabiner/karabiner.json...
[2023-01-19 13:08:21.010] [info] [console_user_server] core_configuration is updated.
[2023-01-19 13:08:51.638] [info] [console_user_server] Check for updates...
[2023-01-19 13:52:59.943] [info] [console_user_server] grabber_client next heartbeat deadline exceeded
[2023-01-19 13:52:59.944] [info] [console_user_server] grabber_client is stopped.
[2023-01-19 13:52:59.952] [info] [console_user_server] grabber_client is started.
[2023-01-19 13:53:00.072] [info] [console_user_server] grabber_client is connected.
[2023-01-19 13:53:00.469] [info] [console_user_server] Load /Users/steveops/.config/karabiner/karabiner.json...
[2023-01-19 13:53:00.470] [info] [console_user_server] core_configuration is updated.
[2023-01-19 13:53:31.455] [info] [console_user_server] Check for updates...
[2023-01-19 14:17:49.423] [info] [console_user_server] grabber_client next heartbeat deadline exceeded
[2023-01-19 14:17:49.424] [info] [console_user_server] grabber_client is stopped.
[2023-01-19 14:17:49.429] [info] [console_user_server] grabber_client is started.
[2023-01-19 14:17:49.432] [info] [console_user_server] grabber_client is connected.
[2023-01-19 14:17:49.847] [info] [console_user_server] Load /Users/steveops/.config/karabiner/karabiner.json...
[2023-01-19 14:17:49.849] [info] [console_user_server] core_configuration is updated.
[2023-01-19 14:18:19.938] [info] [console_user_server] Check for updates...
[2023-01-19 18:33:34.905] [info] [console_user_server] grabber_client next heartbeat deadline exceeded
[2023-01-19 18:33:35.021] [info] [console_user_server] grabber_client is stopped.
[2023-01-19 18:33:35.179] [info] [console_user_server] grabber_client is started.
[2023-01-19 18:33:35.180] [info] [console_user_server] grabber_client is connected.
[2023-01-19 18:33:35.431] [info] [console_user_server] Load /Users/steveops/.config/karabiner/karabiner.json...
[2023-01-19 18:33:35.432] [info] [console_user_server] core_configuration is updated.
[2023-01-19 18:34:05.931] [info] [console_user_server] Check for updates...
[2023-01-20 06:58:45.815] [info] [console_user_server] grabber_client next heartbeat deadline exceeded
[2023-01-20 06:58:45.926] [info] [console_user_server] grabber_client is stopped.
[2023-01-20 06:58:45.937] [info] [console_user_server] grabber_client is started.
[2023-01-20 06:58:45.938] [info] [console_user_server] grabber_client is connected.
[2023-01-20 06:58:47.088] [info] [console_user_server] Load /Users/steveops/.config/karabiner/karabiner.json...
[2023-01-20 06:58:47.104] [info] [console_user_server] core_configuration is updated.
[2023-01-20 06:59:00.259] [info] [console_user_server] grabber_client next heartbeat deadline exceeded
[2023-01-20 06:59:00.261] [info] [console_user_server] grabber_client is stopped.
[2023-01-20 06:59:00.265] [info] [console_user_server] grabber_client is started.
[2023-01-20 06:59:00.267] [info] [console_user_server] grabber_client is connected.
[2023-01-20 06:59:00.512] [info] [console_user_server] Load /Users/steveops/.config/karabiner/karabiner.json...
[2023-01-20 06:59:00.513] [info] [console_user_server] core_configuration is updated.
[2023-01-20 06:59:30.604] [info] [console_user_server] Check for updates...
[2023-01-20 17:33:04.656] [info] [console_user_server] grabber_client next heartbeat deadline exceeded
[2023-01-20 17:33:04.811] [info] [console_user_server] grabber_client is stopped.
[2023-01-20 17:33:04.825] [info] [console_user_server] grabber_client is started.
[2023-01-20 17:33:04.825] [info] [console_user_server] grabber_client is connected.
[2023-01-20 17:33:05.195] [info] [console_user_server] Load /Users/steveops/.config/karabiner/karabiner.json...
[2023-01-20 17:33:05.196] [info] [console_user_server] core_configuration is updated.
[2023-01-20 17:33:35.838] [info] [console_user_server] Check for updates...
[2023-01-20 22:48:24.226] [info] [console_user_server] grabber_client next heartbeat deadline exceeded
[2023-01-20 22:48:24.229] [info] [console_user_server] grabber_client is stopped.
[2023-01-20 22:48:24.236] [info] [console_user_server] grabber_client is started.
[2023-01-20 22:48:24.239] [info] [console_user_server] grabber_client is connected.
[2023-01-20 22:48:24.855] [info] [console_user_server] Load /Users/steveops/.config/karabiner/karabiner.json...
[2023-01-20 22:48:24.856] [info] [console_user_server] core_configuration is updated.
[2023-01-20 22:48:55.335] [info] [console_user_server] Check for updates...
[2023-01-24 21:47:28.506] [info] [console_user_server] grabber_client next heartbeat deadline exceeded
[2023-01-24 21:47:28.822] [info] [console_user_server] grabber_client is stopped.
[2023-01-24 21:47:30.309] [info] [console_user_server] grabber_client is started.
[2023-01-24 21:47:30.769] [info] [console_user_server] grabber_client is connected.
[2023-01-24 21:47:31.355] [info] [console_user_server] Load /Users/steveops/.config/karabiner/karabiner.json...
[2023-01-24 21:47:31.356] [info] [console_user_server] core_configuration is updated.
[2023-01-24 20:48:03.184] [info] [console_user_server] Check for updates...
[2023-01-24 21:01:33.486] [info] [console_user_server] version 14.11.0
[2023-01-24 21:01:33.590] [info] [console_user_server] on_console_changed: on_console:true
[2023-01-24 21:01:33.591] [info] [console_user_server] grabber_client is started.
[2023-01-24 21:01:33.591] [info] [console_user_server] grabber_client is connected.
[2023-01-24 21:01:33.734] [info] [console_user_server] Load /Users/steveops/.config/karabiner/karabiner.json...
[2023-01-24 21:01:33.734] [info] [console_user_server] core_configuration is updated.
[2023-01-24 21:02:03.817] [info] [console_user_server] Check for updates...
[2023-03-02 20:18:33.874] [info] [console_user_server] version 14.11.0
[2023-03-02 20:18:38.063] [info] [console_user_server] on_console_changed: on_console:true
[2023-03-02 20:18:38.064] [info] [console_user_server] grabber_client is started.
[2023-03-02 20:18:38.065] [info] [console_user_server] grabber_client is connected.
[2023-03-02 20:18:38.277] [info] [console_user_server] Load /Users/steveops/.config/karabiner/karabiner.json...
[2023-03-02 20:18:38.278] [info] [console_user_server] core_configuration is updated.
[2023-03-02 20:19:08.474] [info] [console_user_server] Check for updates...
